2024-06-25T16:36:14,956 [main] INFO  (Test_CallCenterModule.java:50) - Test Passed : Menu button is visible and clickable on the web page
2024-06-25T16:36:20,405 [main] INFO  (Test_CallCenterModule.java:75) - Test Passed : User is able to open Registration Against Entity By IRDAI Page
2024-06-25T16:36:20,503 [main] INFO  (Test_CallCenterModule.java:94) - Test Passed : Identify By drop down is visible on the web page
2024-06-25T16:36:20,539 [main] INFO  (Test_CallCenterModule.java:104) - Test Passed : Mobile number or Email input field is visible on the page
2024-06-25T16:36:20,590 [main] INFO  (Test_CallCenterModule.java:114) - Test Passed : Search button present on the web page
2024-06-25T16:36:20,661 [main] INFO  (Test_CallCenterModule.java:124) - Test Passed : PinCode checkbox is visible and enabled
2024-06-25T16:36:24,905 [main] INFO  (Test_CallCenterModule.java:194) - Test Passed : Is Complaint Registered radio buttons are clickable
2024-06-25T16:36:26,439 [main] INFO  (Test_CallCenterModule.java:214) - Test Passed : Mobile Number option present and it's label and field is visible
2024-06-25T16:36:26,482 [main] INFO  (Test_CallCenterModule.java:232) - Test Passed : Search button is enabled
2024-06-25T16:36:33,036 [main] INFO  (Test_CallCenterModule.java:253) - Test Passed : Error popUp displayed for invalid mobile number
2024-06-25T16:36:35,358 [main] INFO  (Test_CallCenterModule.java:275) - Test Passed : Error message displayed for empty mobile number
2024-06-25T16:36:39,655 [main] INFO  (Test_CallCenterModule.java:299) - Test Passed : Error message displayed for less than 10 digit mobile number
2024-06-25T16:36:44,128 [main] INFO  (Test_CallCenterModule.java:321) - Test Passed : Existing user details displayed correctly with valid mobile number
2024-06-25T16:36:49,791 [main] INFO  (Test_CallCenterModule.java:345) - Test Passed : Email ID option present and it's label and field is visible
2024-06-25T16:36:53,086 [main] INFO  (Test_CallCenterModule.java:367) - Test Passed : Warning pop up displayed when searching with empty emailID field
2024-06-25T16:36:58,511 [main] INFO  (Test_CallCenterModule.java:388) - Test Passed : Warning popUp displayed for invalid email Id
2024-06-25T16:37:03,111 [main] INFO  (Test_CallCenterModule.java:409) - Test Passed : Existing user details displayed correctly with valid email ID
2024-06-25T16:37:03,308 [main] INFO  (Test_CallCenterModule.java:426) - Test Passed : Pin code field is visible
2024-06-25T16:37:06,753 [main] INFO  (Test_CallCenterModule.java:446) - Test Passed : District and state not populated for invalid pinCode
2024-06-25T16:37:10,169 [main] INFO  (Test_CallCenterModule.java:466) - Test Passed : District and state auto populated for valid pinCode
2024-06-25T16:37:10,363 [main] INFO  (Test_CallCenterModule.java:482) - Test Passed : Call center user is able to interact with complaint against dropdown
2024-06-25T16:37:12,800 [main] INFO  (Test_CallCenterModule.java:499) - Test Passed : Required fields are displayed for complaint against insurance company
2024-06-25T16:37:15,107 [main] INFO  (Test_CallCenterModule.java:518) - Test Passed : Expected error message displayed for select option in complaint against dropdown
2024-06-25T16:37:22,823 [main] INFO  (Test_CallCenterModule.java:538) - Test Passed : Only Required fields are visible for complaint against unregistered entity without involvement of insurance company
2024-06-25T16:37:29,483 [main] INFO  (Test_CallCenterModule.java:559) - Test Passed : Required fields are visible for complaint against unregistered entity with involvement of insurance company
2024-06-25T16:37:33,972 [main] INFO  (Test_CallCenterModule.java:578) - Test Passed : Required fields are visible for complaint against insurance intermediary
2024-06-25T16:37:36,319 [main] INFO  (Test_CallCenterModule.java:597) - Test Passed : Broker dropdown list and it's license number field is visible
2024-06-25T16:37:39,300 [main] INFO  (Test_CallCenterModule.java:607) - Test Passed : Broker license number populated correctly
2024-06-25T16:37:39,405 [main] INFO  (Test_CallCenterModule.java:626) - Test Passed : All identifier type radio buttons are enabled
2024-06-25T16:37:39,676 [main] INFO  (Test_CallCenterModule.java:646) - Test Passed : Error message displayed for empty policy/proposal/certificate/claim number field
2024-06-25T16:37:51,552 [main] INFO  (Test_CallCenterModule.java:666) - Test Passed : Alert pop up displayed when reaching maximum limit
2024-06-25T16:37:56,074 [main] INFO  (Test_CallCenterModule.java:690) - Test Passed : Error message displayed for empty complaint details field
2024-06-25T16:37:57,428 [main] INFO  (Test_CallCenterModule.java:710) - Test Passed : Error message displayed for special characters entered in complaint details field
2024-06-25T16:38:23,710 [main] INFO  (Test_CallCenterModule.java:730) - Test Passed : Alert pop up displayed when reaching maximum limit
2024-06-25T16:38:25,379 [main] INFO  (Test_CallCenterModule.java:750) - Test Passed : Error message displayed when source of complaint not selected
2024-06-25T16:38:33,784 [main] INFO  (Test_CallCenterModule.java:770) - Test Passed : Error message displayed when date of letter not selected
2024-06-25T16:38:34,448 [main] INFO  (Test_CallCenterModule.java:789) - Test Passed : Error message displayed for invalid date format
2024-06-25T16:38:35,927 [main] INFO  (Test_CallCenterModule.java:809) - Test Passed : Error message displayed when date of receipt of complaint not selected
2024-06-25T16:38:36,639 [main] INFO  (Test_CallCenterModule.java:828) - Test Passed : Error message displayed for date of receipt of complaint with invalid date format
2024-06-25T16:38:40,164 [main] INFO  (Test_CallCenterModule.java:851) - Test Passed : Call center user is not able to upload other file formats
2024-06-25T16:38:42,424 [main] INFO  (Test_CallCenterModule.java:873) - Test Passed : Call center user is not able to upload more than 10mb size file
2024-06-25T16:38:45,099 [main] INFO  (Test_CallCenterModule.java:894) - Test Passed : Error message displayed for special characters entered in priority handling details field
2024-06-25T16:39:10,803 [main] INFO  (Test_CallCenterModule.java:912) - Test Passed : Alert pop up displayed when reaching maximum limit
2024-06-25T16:39:11,710 [main] INFO  (Test_CallCenterModule.java:932) - Test Passed : Error message displayed for special characters entered in remarks field
2024-06-25T16:39:37,426 [main] INFO  (Test_CallCenterModule.java:951) - Test Passed : Alert pop up displayed when reaching maximum limit
2024-06-25T16:39:45,030 [main] INFO  (Test_CallCenterModule.java:974) - Test Passed : Call center user not able to logOff by dismissing alert pop up
2024-06-25T16:39:46,434 [main] INFO  (Test_CallCenterModule.java:994) - Test Passed : Call center user is able to logOff successfully
