2024-06-27T10:53:36,696 [main] INFO  (Test_CallCenterModule.java:50) - Test Passed : Menu button is visible and clickable on the web page
2024-06-27T10:53:43,044 [main] INFO  (Test_CallCenterModule.java:75) - Test Passed : User is able to open Registration Against Entity By IRDAI Page
2024-06-27T10:53:43,130 [main] INFO  (Test_CallCenterModule.java:94) - Test Passed : Identify By drop down is visible on the web page
2024-06-27T10:53:43,187 [main] INFO  (Test_CallCenterModule.java:104) - Test Passed : Mobile number or Email input field is visible on the page
2024-06-27T10:53:43,234 [main] INFO  (Test_CallCenterModule.java:114) - Test Passed : Search button present on the web page
2024-06-27T10:53:43,274 [main] INFO  (Test_CallCenterModule.java:124) - Test Passed : PinCode checkbox is visible and enabled
2024-06-27T10:53:43,431 [main] INFO  (Test_CallCenterModule.java:134) - Test Passe : All fields related to complaint classification is visible on registration page
2024-06-27T10:53:43,542 [main] INFO  (Test_CallCenterModule.java:144) - Test Passe : Policy/Proposal Number/Certificate Number/Claim Number radio buttons are displayed
2024-06-27T10:53:43,600 [main] INFO  (Test_CallCenterModule.java:154) - Test Passed : Policy number field is visible and enabled
2024-06-27T10:53:43,648 [main] INFO  (Test_CallCenterModule.java:164) - Test Passed : Complaint details field is visible and enabled
2024-06-27T10:53:54,664 [main] INFO  (Test_CallCenterModule.java:196) - Test Passed : Back button functionality is working by dismissing alert pop up
2024-06-27T10:54:04,866 [main] INFO  (Test_CallCenterModule.java:219) - Test Passed : Back button functionality is working by accepting alert pop up
2024-06-27T10:54:15,743 [main] INFO  (Test_CallCenterModule.java:241) - Test Passed : Is Complaint Registered radio buttons are clickable
2024-06-27T10:54:18,214 [main] INFO  (Test_CallCenterModule.java:261) - Test Passed : Mobile Number option present and it's label and field is visible
2024-06-27T10:54:18,275 [main] INFO  (Test_CallCenterModule.java:279) - Test Passed : Search button is enabled
2024-06-27T10:54:24,691 [main] INFO  (Test_CallCenterModule.java:300) - Test Passed : Error popUp displayed for invalid mobile number
2024-06-27T10:54:27,366 [main] INFO  (Test_CallCenterModule.java:322) - Test Passed : Error message displayed for empty mobile number
2024-06-27T10:54:31,672 [main] INFO  (Test_CallCenterModule.java:346) - Test Passed : Error message displayed for less than 10 digit mobile number
2024-06-27T10:54:36,016 [main] INFO  (Test_CallCenterModule.java:368) - Test Passed : Existing user details displayed correctly with valid mobile number
2024-06-27T10:54:41,643 [main] INFO  (Test_CallCenterModule.java:392) - Test Passed : Email ID option present and it's label and field is visible
2024-06-27T10:54:45,070 [main] INFO  (Test_CallCenterModule.java:414) - Test Passed : Warning pop up displayed when searching with empty emailID field
2024-06-27T10:54:50,459 [main] INFO  (Test_CallCenterModule.java:435) - Test Passed : Warning popUp displayed for invalid email Id
2024-06-27T10:54:55,064 [main] INFO  (Test_CallCenterModule.java:456) - Test Passed : Existing user details displayed correctly with valid email ID
2024-06-27T10:54:55,646 [main] INFO  (Test_CallCenterModule.java:473) - Test Passed : Pin code field is visible
2024-06-27T10:54:59,156 [main] INFO  (Test_CallCenterModule.java:493) - Test Passed : District and state not populated for invalid pinCode
2024-06-27T10:55:02,640 [main] INFO  (Test_CallCenterModule.java:513) - Test Passed : District and state auto populated for valid pinCode
2024-06-27T10:55:02,819 [main] INFO  (Test_CallCenterModule.java:529) - Test Passed : Call center user is able to interact with complaint against dropdown
2024-06-27T10:55:05,277 [main] INFO  (Test_CallCenterModule.java:546) - Test Passed : Required fields are displayed for complaint against insurance company
2024-06-27T10:55:07,550 [main] INFO  (Test_CallCenterModule.java:565) - Test Passed : Expected error message displayed for select option in complaint against dropdown
2024-06-27T10:55:15,215 [main] INFO  (Test_CallCenterModule.java:585) - Test Passed : Only Required fields are visible for complaint against unregistered entity without involvement of insurance company
2024-06-27T10:55:21,888 [main] INFO  (Test_CallCenterModule.java:606) - Test Passed : Required fields are visible for complaint against unregistered entity with involvement of insurance company
2024-06-27T10:55:26,364 [main] INFO  (Test_CallCenterModule.java:625) - Test Passed : Required fields are visible for complaint against insurance intermediary
2024-06-27T10:55:28,673 [main] INFO  (Test_CallCenterModule.java:644) - Test Passed : Broker dropdown list and it's license number field is visible
2024-06-27T10:55:31,792 [main] INFO  (Test_CallCenterModule.java:654) - Test Passed : Broker license number populated correctly
2024-06-27T10:55:31,921 [main] INFO  (Test_CallCenterModule.java:673) - Test Passed : All identifier type radio buttons are enabled
2024-06-27T10:55:32,212 [main] INFO  (Test_CallCenterModule.java:693) - Test Passed : Error message displayed for empty policy/proposal/certificate/claim number field
2024-06-27T10:55:44,084 [main] INFO  (Test_CallCenterModule.java:713) - Test Passed : Alert pop up displayed when reaching maximum limit
2024-06-27T10:55:48,617 [main] INFO  (Test_CallCenterModule.java:737) - Test Passed : Error message displayed for empty complaint details field
2024-06-27T10:55:49,986 [main] INFO  (Test_CallCenterModule.java:757) - Test Passed : Error message displayed for special characters entered in complaint details field
2024-06-27T10:56:15,974 [main] INFO  (Test_CallCenterModule.java:777) - Test Passed : Alert pop up displayed when reaching maximum limit
2024-06-27T10:56:17,557 [main] INFO  (Test_CallCenterModule.java:797) - Test Passed : Error message displayed when source of complaint not selected
2024-06-27T10:56:25,927 [main] INFO  (Test_CallCenterModule.java:817) - Test Passed : Error message displayed when date of letter not selected
2024-06-27T10:56:26,788 [main] INFO  (Test_CallCenterModule.java:836) - Test Passed : Error message displayed for invalid date format
2024-06-27T10:56:28,276 [main] INFO  (Test_CallCenterModule.java:856) - Test Passed : Error message displayed when date of receipt of complaint not selected
2024-06-27T10:56:29,176 [main] INFO  (Test_CallCenterModule.java:875) - Test Passed : Error message displayed for date of receipt of complaint with invalid date format
2024-06-27T10:56:32,708 [main] INFO  (Test_CallCenterModule.java:898) - Test Passed : Call center user is not able to upload other file formats
2024-06-27T10:56:34,948 [main] INFO  (Test_CallCenterModule.java:920) - Test Passed : Call center user is not able to upload more than 10mb size file
2024-06-27T10:56:37,611 [main] INFO  (Test_CallCenterModule.java:941) - Test Passed : Error message displayed for special characters entered in priority handling details field
2024-06-27T10:57:01,350 [main] INFO  (Test_CallCenterModule.java:959) - Test Passed : Alert pop up displayed when reaching maximum limit
2024-06-27T10:57:02,037 [main] INFO  (Test_CallCenterModule.java:979) - Test Passed : Error message displayed for special characters entered in remarks field
2024-06-27T10:57:25,818 [main] INFO  (Test_CallCenterModule.java:998) - Test Passed : Alert pop up displayed when reaching maximum limit
2024-06-27T10:57:33,390 [main] INFO  (Test_CallCenterModule.java:1020) - Test Passed : Call center user not able to logOff by dismissing alert pop up
2024-06-27T10:57:35,113 [main] INFO  (Test_CallCenterModule.java:1040) - Test Passed : Call center user is able to logOff successfully
