2024-06-21T15:23:09,968 [main] INFO  (Test_CallCenterModule.java:47) - Test Passed : Menu button is visible and clickable on the web page
2024-06-21T15:23:15,462 [main] INFO  (Test_CallCenterModule.java:72) - Test Passed : User is able to open Registration Against Entity By IRDAI Page
2024-06-21T15:23:15,584 [main] INFO  (Test_CallCenterModule.java:91) - Test Passed : Identify By drop down is visible on the web page
2024-06-21T15:23:15,649 [main] INFO  (Test_CallCenterModule.java:101) - Test Passed : Mobile number or Email input field is visible on the page
2024-06-21T15:23:15,690 [main] INFO  (Test_CallCenterModule.java:111) - Test Passed : Search button present on the web page
2024-06-21T15:23:15,754 [main] INFO  (Test_CallCenterModule.java:121) - Test Passed : PinCode checkbox is visible and enabled
2024-06-21T15:23:20,157 [main] INFO  (Test_CallCenterModule.java:141) - Test Passed : Is Complaint Registered radio buttons are clickable
2024-06-21T15:23:21,625 [main] INFO  (Test_CallCenterModule.java:161) - Test Passed : Mobile Number option present and it's label and field is visible
2024-06-21T15:23:21,672 [main] INFO  (Test_CallCenterModule.java:179) - Test Passed : Search button is enabled
2024-06-21T15:23:28,278 [main] INFO  (Test_CallCenterModule.java:200) - Test Passed : Error popUp displayed for invalid mobile number
2024-06-21T15:23:30,691 [main] INFO  (Test_CallCenterModule.java:222) - Test Passed : Error message displayed for empty mobile number
2024-06-21T15:23:35,141 [main] INFO  (Test_CallCenterModule.java:246) - Test Passed : Error message displayed for less than 10 digit mobile number
2024-06-21T15:23:39,696 [main] INFO  (Test_CallCenterModule.java:268) - Test Passed : Existing user details displayed correctly with valid mobile number
2024-06-21T15:23:45,572 [main] INFO  (Test_CallCenterModule.java:292) - Test Passed : Email ID option present and it's label and field is visible
2024-06-21T15:23:48,987 [main] INFO  (Test_CallCenterModule.java:314) - Test Passed : Warning pop up displayed when searching with empty emailID field
2024-06-21T15:23:54,564 [main] INFO  (Test_CallCenterModule.java:335) - Test Passed : Warning popUp displayed for invalid email Id
2024-06-21T15:23:59,119 [main] INFO  (Test_CallCenterModule.java:356) - Test Passed : Existing user details displayed correctly with valid email ID
2024-06-21T15:23:59,373 [main] INFO  (Test_CallCenterModule.java:373) - Test Passed : Pin code field is visible
2024-06-21T15:24:02,954 [main] INFO  (Test_CallCenterModule.java:393) - Test Passed : District and state not populated for invalid pinCode
2024-06-21T15:24:06,653 [main] INFO  (Test_CallCenterModule.java:413) - Test Passed : District and state auto populated for valid pinCode
2024-06-21T15:24:06,824 [main] INFO  (Test_CallCenterModule.java:429) - Test Passed : Call center user is able to interact with complaint against dropdown
2024-06-21T15:24:09,314 [main] INFO  (Test_CallCenterModule.java:446) - Test Passed : Required fields are displayed for complaint against insurance company
2024-06-21T15:24:11,888 [main] INFO  (Test_CallCenterModule.java:465) - Test Passed : Expected error message displayed for select option in complaint against dropdown
2024-06-21T15:24:20,083 [main] INFO  (Test_CallCenterModule.java:485) - Test Passed : Only Required fields are visible for complaint against unregistered entity without involvement of insurance company
2024-06-21T15:24:27,187 [main] INFO  (Test_CallCenterModule.java:506) - Test Passed : Required fields are visible for complaint against unregistered entity with involvement of insurance company
2024-06-21T15:24:32,052 [main] INFO  (Test_CallCenterModule.java:525) - Test Passed : Required fields are visible for complaint against insurance intermediary
2024-06-21T15:24:34,629 [main] INFO  (Test_CallCenterModule.java:544) - Test Passed : Broker dropdown list and it's license number field is visible
2024-06-21T15:24:37,677 [main] INFO  (Test_CallCenterModule.java:554) - Test Passed : Broker license number populated correctly
2024-06-21T15:24:37,866 [main] INFO  (Test_CallCenterModule.java:573) - Test Passed : All identifier type radio buttons are enabled
2024-06-21T15:24:38,446 [main] INFO  (Test_CallCenterModule.java:593) - Test Passed : Error message displayed for empty policy/proposal/certificate/claim number field
2024-06-21T15:24:43,216 [main] INFO  (Test_CallCenterModule.java:638) - Test Passed : Error message displayed for empty complaint details field
2024-06-21T15:24:44,642 [main] INFO  (Test_CallCenterModule.java:658) - Test Passed : Error message displayed for special characters entered in complaint details field
2024-06-21T15:24:46,410 [main] INFO  (Test_CallCenterModule.java:699) - Test Passed : Error message displayed when source of complaint not selected
2024-06-21T15:24:55,065 [main] INFO  (Test_CallCenterModule.java:719) - Test Passed : Error message displayed when date of letter not selected
2024-06-21T15:24:56,093 [main] INFO  (Test_CallCenterModule.java:738) - Test Passed : Error message displayed for invalid date format
2024-06-21T15:24:57,767 [main] INFO  (Test_CallCenterModule.java:758) - Test Passed : Error message displayed when date of receipt of complaint not selected
2024-06-21T15:24:58,886 [main] INFO  (Test_CallCenterModule.java:777) - Test Passed : Error message displayed for date of receipt of complaint with invalid date format
2024-06-21T15:25:02,538 [main] INFO  (Test_CallCenterModule.java:800) - Test Passed : Call center user is not able to upload other file formats
2024-06-21T15:25:04,982 [main] INFO  (Test_CallCenterModule.java:822) - Test Passed : Call center user is not able to upload more than 10mb size file
2024-06-21T15:25:08,283 [main] INFO  (Test_CallCenterModule.java:843) - Test Passed : Error message displayed for special characters entered in priority handling details field
2024-06-21T15:25:08,938 [main] INFO  (Test_CallCenterModule.java:883) - Test Passed : Error message displayed for special characters entered in remarks field
2024-06-21T15:25:19,446 [main] INFO  (Test_CallCenterModule.java:929) - Test Passed : Back button functionality is working by dismissing alert pop up
