2024-06-24T13:20:07,302 [main] INFO  (Test_CallCenterModule.java:50) - Test Passed : Menu button is visible and clickable on the web page
2024-06-24T13:20:12,915 [main] INFO  (Test_CallCenterModule.java:75) - Test Passed : User is able to open Registration Against Entity By IRDAI Page
2024-06-24T13:20:13,716 [main] INFO  (Test_CallCenterModule.java:94) - Test Passed : Identify By drop down is visible on the web page
2024-06-24T13:20:13,754 [main] INFO  (Test_CallCenterModule.java:104) - Test Passed : Mobile number or Email input field is visible on the page
2024-06-24T13:20:13,796 [main] INFO  (Test_CallCenterModule.java:114) - Test Passed : Search button present on the web page
2024-06-24T13:20:13,859 [main] INFO  (Test_CallCenterModule.java:124) - Test Passed : PinCode checkbox is visible and enabled
2024-06-24T13:20:18,117 [main] INFO  (Test_CallCenterModule.java:144) - Test Passed : Is Complaint Registered radio buttons are clickable
2024-06-24T13:20:19,500 [main] INFO  (Test_CallCenterModule.java:164) - Test Passed : Mobile Number option present and it's label and field is visible
2024-06-24T13:20:19,532 [main] INFO  (Test_CallCenterModule.java:182) - Test Passed : Search button is enabled
2024-06-24T13:20:25,953 [main] INFO  (Test_CallCenterModule.java:203) - Test Passed : Error popUp displayed for invalid mobile number
2024-06-24T13:20:28,250 [main] INFO  (Test_CallCenterModule.java:225) - Test Passed : Error message displayed for empty mobile number
2024-06-24T13:20:32,536 [main] INFO  (Test_CallCenterModule.java:249) - Test Passed : Error message displayed for less than 10 digit mobile number
2024-06-24T13:20:36,910 [main] INFO  (Test_CallCenterModule.java:271) - Test Passed : Existing user details displayed correctly with valid mobile number
2024-06-24T13:20:42,426 [main] INFO  (Test_CallCenterModule.java:295) - Test Passed : Email ID option present and it's label and field is visible
2024-06-24T13:20:45,691 [main] INFO  (Test_CallCenterModule.java:317) - Test Passed : Warning pop up displayed when searching with empty emailID field
2024-06-24T13:20:51,159 [main] INFO  (Test_CallCenterModule.java:338) - Test Passed : Warning popUp displayed for invalid email Id
2024-06-24T13:20:55,635 [main] INFO  (Test_CallCenterModule.java:359) - Test Passed : Existing user details displayed correctly with valid email ID
2024-06-24T13:20:55,825 [main] INFO  (Test_CallCenterModule.java:376) - Test Passed : Pin code field is visible
2024-06-24T13:20:59,166 [main] INFO  (Test_CallCenterModule.java:396) - Test Passed : District and state not populated for invalid pinCode
2024-06-24T13:21:02,641 [main] INFO  (Test_CallCenterModule.java:416) - Test Passed : District and state auto populated for valid pinCode
2024-06-24T13:21:02,794 [main] INFO  (Test_CallCenterModule.java:432) - Test Passed : Call center user is able to interact with complaint against dropdown
2024-06-24T13:21:05,231 [main] INFO  (Test_CallCenterModule.java:449) - Test Passed : Required fields are displayed for complaint against insurance company
2024-06-24T13:21:07,537 [main] INFO  (Test_CallCenterModule.java:468) - Test Passed : Expected error message displayed for select option in complaint against dropdown
2024-06-24T13:21:15,231 [main] INFO  (Test_CallCenterModule.java:488) - Test Passed : Only Required fields are visible for complaint against unregistered entity without involvement of insurance company
2024-06-24T13:21:21,748 [main] INFO  (Test_CallCenterModule.java:509) - Test Passed : Required fields are visible for complaint against unregistered entity with involvement of insurance company
2024-06-24T13:21:26,247 [main] INFO  (Test_CallCenterModule.java:528) - Test Passed : Required fields are visible for complaint against insurance intermediary
2024-06-24T13:21:28,522 [main] INFO  (Test_CallCenterModule.java:547) - Test Passed : Broker dropdown list and it's license number field is visible
2024-06-24T13:21:31,134 [main] INFO  (Test_CallCenterModule.java:557) - Test Passed : Broker license number populated correctly
2024-06-24T13:21:31,268 [main] INFO  (Test_CallCenterModule.java:576) - Test Passed : All identifier type radio buttons are enabled
2024-06-24T13:21:31,597 [main] INFO  (Test_CallCenterModule.java:596) - Test Passed : Error message displayed for empty policy/proposal/certificate/claim number field
2024-06-24T13:21:36,041 [main] INFO  (Test_CallCenterModule.java:639) - Test Passed : Error message displayed for empty complaint details field
2024-06-24T13:21:37,438 [main] INFO  (Test_CallCenterModule.java:659) - Test Passed : Error message displayed for special characters entered in complaint details field
2024-06-24T13:21:38,898 [main] INFO  (Test_CallCenterModule.java:699) - Test Passed : Error message displayed when source of complaint not selected
2024-06-24T13:21:47,286 [main] INFO  (Test_CallCenterModule.java:719) - Test Passed : Error message displayed when date of letter not selected
2024-06-24T13:21:47,918 [main] INFO  (Test_CallCenterModule.java:738) - Test Passed : Error message displayed for invalid date format
2024-06-24T13:21:49,351 [main] INFO  (Test_CallCenterModule.java:758) - Test Passed : Error message displayed when date of receipt of complaint not selected
2024-06-24T13:21:49,984 [main] INFO  (Test_CallCenterModule.java:777) - Test Passed : Error message displayed for date of receipt of complaint with invalid date format
2024-06-24T13:21:53,473 [main] INFO  (Test_CallCenterModule.java:800) - Test Passed : Call center user is not able to upload other file formats
2024-06-24T13:21:55,838 [main] INFO  (Test_CallCenterModule.java:822) - Test Passed : Call center user is not able to upload more than 10mb size file
2024-06-24T13:21:58,519 [main] INFO  (Test_CallCenterModule.java:843) - Test Passed : Error message displayed for special characters entered in priority handling details field
2024-06-24T13:21:59,212 [main] INFO  (Test_CallCenterModule.java:881) - Test Passed : Error message displayed for special characters entered in remarks field
2024-06-24T13:22:09,735 [main] ERROR (Test_CallCenterModule.java:930) - Test Failed : Back button functionality not working by dismissing alert pop up!
2024-06-24T13:22:22,084 [main] ERROR (Test_CallCenterModule.java:954) - Test Failed : Back button functionality not working by accepting alert pop up!
2024-06-24T13:22:28,481 [main] ERROR (Test_CallCenterModule.java:975) - Test Failed : LogOff functionality not working as expected!
2024-06-24T13:22:29,927 [main] INFO  (Test_CallCenterModule.java:990) - Test Passed : Call center user is able to logOff successfully
