2024-06-20T17:45:38,731 [main] INFO  (Test_CallCenterModule.java:46) - Test Passed : Menu button is visible and clickable on the web page
2024-06-20T17:45:43,762 [main] INFO  (Test_CallCenterModule.java:71) - Test Passed : User is able to open Registration Against Entity By IRDAI Page
2024-06-20T17:45:43,801 [main] INFO  (Test_CallCenterModule.java:90) - Test Passed : Identify By drop down is visible on the web page
2024-06-20T17:45:43,827 [main] INFO  (Test_CallCenterModule.java:100) - Test Passed : Mobile number or Email input field is visible on the page
2024-06-20T17:45:43,851 [main] INFO  (Test_CallCenterModule.java:110) - Test Passed : Search button present on the web page
2024-06-20T17:45:43,876 [main] INFO  (Test_CallCenterModule.java:120) - Test Passed : PinCode checkbox is visible and enabled
2024-06-20T17:45:48,029 [main] INFO  (Test_CallCenterModule.java:140) - Test Passed : Is Complaint Registered radio buttons are clickable
2024-06-20T17:45:49,244 [main] INFO  (Test_CallCenterModule.java:160) - Test Passed : Mobile Number option present and it's label and field is visible
2024-06-20T17:45:49,266 [main] INFO  (Test_CallCenterModule.java:178) - Test Passed : Search button is enabled
2024-06-20T17:45:53,441 [main] INFO  (Test_CallCenterModule.java:267) - Test Passed : Existing user details displayed correctly with valid mobile number
2024-06-20T17:45:53,531 [main] INFO  (Test_CallCenterModule.java:372) - Test Passed : Pin code field is visible
2024-06-20T17:45:56,761 [main] INFO  (Test_CallCenterModule.java:412) - Test Passed : District and state auto populated for valid pinCode
2024-06-20T17:45:56,841 [main] INFO  (Test_CallCenterModule.java:428) - Test Passed : Call center user is able to interact with complaint against dropdown
2024-06-20T17:45:59,061 [main] INFO  (Test_CallCenterModule.java:445) - Test Passed : Required fields are displayed for complaint against insurance company
2024-06-20T17:45:59,121 [main] INFO  (Test_CallCenterModule.java:572) - Test Passed : All identifier type radio buttons are enabled
2024-06-20T17:45:59,319 [main] INFO  (Test_CallCenterModule.java:592) - Test Passed : Error message displayed for empty policy/proposal/certificate/claim number field
2024-06-20T17:46:03,571 [main] INFO  (Test_CallCenterModule.java:628) - Test Passed : Error message displayed for empty complaint details field
2024-06-20T17:46:04,791 [main] INFO  (Test_CallCenterModule.java:648) - Test Passed : Error message displayed for special characters entered in complaint details field
2024-06-20T17:46:08,100 [main] INFO  (Test_CallCenterModule.java:690) - Test Passed : Error message displayed when source of complaint not selected
2024-06-20T17:46:16,391 [main] INFO  (Test_CallCenterModule.java:710) - Test Passed : Error message displayed when source of complaint not selected
