2024-07-03T18:15:00,597 [main] INFO  (Test_CallCenterModule.java:50) - Test Passed : Menu button is visible and clickable on the web page
2024-07-03T18:15:06,971 [main] INFO  (Test_CallCenterModule.java:75) - Test Passed : User is able to open Registration Against Entity By IRDAI Page
2024-07-03T18:15:07,037 [main] INFO  (Test_CallCenterModule.java:94) - Test Passed : Identify By drop down is visible on the web page
2024-07-03T18:15:07,071 [main] INFO  (Test_CallCenterModule.java:104) - Test Passed : Mobile number or Email input field is visible on the page
2024-07-03T18:15:07,091 [main] INFO  (Test_CallCenterModule.java:114) - Test Passed : Search button present on the web page
2024-07-03T18:15:07,103 [main] INFO  (Test_CallCenterModule.java:124) - Test Passed : PinCode checkbox is visible and enabled
2024-07-03T18:15:07,196 [main] INFO  (Test_CallCenterModule.java:134) - Test Passed : All fields related to complaint classification is visible on registration page
2024-07-03T18:15:07,275 [main] INFO  (Test_CallCenterModule.java:144) - Test Passed : Policy/Proposal Number/Certificate Number/Claim Number radio buttons are displayed
2024-07-03T18:15:07,291 [main] INFO  (Test_CallCenterModule.java:154) - Test Passed : Policy number field is visible and enabled
2024-07-03T18:15:07,306 [main] INFO  (Test_CallCenterModule.java:164) - Test Passed : Complaint details field is visible and enabled
2024-07-03T18:15:19,521 [main] INFO  (Test_CallCenterModule.java:196) - Test Passed : Back button functionality is working by dismissing alert pop up
2024-07-03T18:15:29,675 [main] INFO  (Test_CallCenterModule.java:219) - Test Passed : Back button functionality is working by accepting alert pop up
2024-07-03T18:15:38,571 [main] INFO  (Test_CallCenterModule.java:241) - Test Passed : Is Complaint Registered radio buttons are clickable
2024-07-03T18:15:40,508 [main] INFO  (Test_CallCenterModule.java:261) - Test Passed : Mobile Number option present and it's label and field is visible
2024-07-03T18:15:40,525 [main] INFO  (Test_CallCenterModule.java:279) - Test Passed : Search button is enabled
2024-07-03T18:15:46,761 [main] INFO  (Test_CallCenterModule.java:300) - Test Passed : Error popUp displayed for invalid mobile number
2024-07-03T18:15:49,445 [main] INFO  (Test_CallCenterModule.java:322) - Test Passed : Error message displayed for empty mobile number
2024-07-03T18:15:53,638 [main] INFO  (Test_CallCenterModule.java:346) - Test Passed : Error message displayed for less than 10 digit mobile number
2024-07-03T18:15:57,890 [main] INFO  (Test_CallCenterModule.java:368) - Test Passed : Existing user details displayed correctly with valid mobile number
2024-07-03T18:16:03,260 [main] INFO  (Test_CallCenterModule.java:392) - Test Passed : Email ID option present and it's label and field is visible
2024-07-03T18:16:06,431 [main] INFO  (Test_CallCenterModule.java:414) - Test Passed : Warning pop up displayed when searching with empty emailID field
2024-07-03T18:16:11,699 [main] INFO  (Test_CallCenterModule.java:435) - Test Passed : Warning popUp displayed for invalid email Id
2024-07-03T18:16:15,914 [main] INFO  (Test_CallCenterModule.java:456) - Test Passed : Existing user details displayed correctly with valid email ID
2024-07-03T18:16:16,004 [main] INFO  (Test_CallCenterModule.java:473) - Test Passed : Pin code field is visible
2024-07-03T18:16:19,208 [main] INFO  (Test_CallCenterModule.java:493) - Test Passed : District and state not populated for invalid pinCode
2024-07-03T18:16:22,453 [main] INFO  (Test_CallCenterModule.java:513) - Test Passed : District and state auto populated for valid pinCode
2024-07-03T18:16:22,538 [main] INFO  (Test_CallCenterModule.java:529) - Test Passed : Call center user is able to interact with complaint against dropdown
2024-07-03T18:16:24,747 [main] INFO  (Test_CallCenterModule.java:546) - Test Passed : Required fields are displayed for complaint against insurance company
2024-07-03T18:16:26,918 [main] INFO  (Test_CallCenterModule.java:565) - Test Passed : Expected error message displayed for select option in complaint against dropdown
2024-07-03T18:16:34,338 [main] INFO  (Test_CallCenterModule.java:585) - Test Passed : Only Required fields are visible for complaint against unregistered entity without involvement of insurance company
2024-07-03T18:16:40,709 [main] INFO  (Test_CallCenterModule.java:606) - Test Passed : Required fields are visible for complaint against unregistered entity with involvement of insurance company
2024-07-03T18:16:44,945 [main] INFO  (Test_CallCenterModule.java:625) - Test Passed : Required fields are visible for complaint against insurance intermediary
2024-07-03T18:16:47,154 [main] INFO  (Test_CallCenterModule.java:644) - Test Passed : Broker dropdown list and it's license number field is visible
2024-07-03T18:16:49,945 [main] INFO  (Test_CallCenterModule.java:654) - Test Passed : Broker license number populated correctly
2024-07-03T18:16:50,005 [main] INFO  (Test_CallCenterModule.java:673) - Test Passed : All identifier type radio buttons are enabled
2024-07-03T18:16:50,175 [main] INFO  (Test_CallCenterModule.java:693) - Test Passed : Error message displayed for empty policy/proposal/certificate/claim number field
2024-07-03T18:17:01,991 [main] INFO  (Test_CallCenterModule.java:713) - Test Passed : Alert pop up displayed when reaching maximum limit
2024-07-03T18:17:06,312 [main] INFO  (Test_CallCenterModule.java:737) - Test Passed : Error message displayed for empty complaint details field
2024-07-03T18:17:07,544 [main] INFO  (Test_CallCenterModule.java:757) - Test Passed : Error message displayed for special characters entered in complaint details field
2024-07-03T18:17:28,519 [main] INFO  (Test_CallCenterModule.java:777) - Test Passed : Alert pop up displayed when reaching maximum limit
2024-07-03T18:17:29,850 [main] INFO  (Test_CallCenterModule.java:797) - Test Passed : Error message displayed when source of complaint not selected
2024-07-03T18:17:38,185 [main] INFO  (Test_CallCenterModule.java:817) - Test Passed : Error message displayed when date of letter not selected
2024-07-03T18:17:38,915 [main] INFO  (Test_CallCenterModule.java:836) - Test Passed : Error message displayed for invalid date format
2024-07-03T18:17:40,184 [main] INFO  (Test_CallCenterModule.java:856) - Test Passed : Error message displayed when date of receipt of complaint not selected
2024-07-03T18:17:40,899 [main] INFO  (Test_CallCenterModule.java:875) - Test Passed : Error message displayed for date of receipt of complaint with invalid date format
2024-07-03T18:17:44,232 [main] INFO  (Test_CallCenterModule.java:898) - Test Passed : Call center user is not able to upload other file formats
2024-07-03T18:17:44,270 [main] ERROR (MainClass.java:118) - org.openqa.selenium.InvalidArgumentException: invalid argument: File not found : C:\Users\abhishekg\IntelliJ Workspace\BimaBharosaPortal/FileAttachment/Pi7_Tool_Abhishek_P.png
  (Session info: chrome=126.0.6478.127)
Build info: version: '4.15.0', revision: '1d14b5521b'
System info: os.name: 'Windows 11', os.arch: 'amd64', os.version: '10.0', java.version: '21.0.2'
Driver info: org.openqa.selenium.chrome.ChromeDriver
Command: [0bc5d7345c3c06118423e28f347b05c0, sendKeysToElement {id=f.61158BAC248FD8EC486423BE1050E2B8.d.7BA765EB59F19BF180F8FA681A953DFC.e.725, value=[Ljava.lang.CharSequence;@28831d69}]
Capabilities {acceptInsecureCerts: false, browserName: chrome, browserVersion: 126.0.6478.127, chrome: {chromedriverVersion: 126.0.6478.126 (d36ace6122e..., userDataDir: C:\Users\ABHISH~1\AppData\L...}, fedcm:accounts: true, goog:chromeOptions: {debuggerAddress: localhost:56554}, networkConnectionEnabled: false, pageLoadStrategy: normal, platformName: windows, proxy: Proxy(), se:cdp: ws://localhost:56554/devtoo..., se:cdpVersion: 126.0.6478.127, setWindowRect: true, strictFileInteractability: false, timeouts: {implicit: 0, pageLoad: 300000, script: 30000}, unhandledPromptBehavior: dismiss and notify, webauthn:extension:credBlob: true, webauthn:extension:largeBlob: true, webauthn:extension:minPinLength: true, webauthn:extension:prf: true, webauthn:virtualAuthenticators: true}
Element: [[ChromeDriver: chrome on windows (0bc5d7345c3c06118423e28f347b05c0)] -> id: FileUpload1]
Session ID: 0bc5d7345c3c06118423e28f347b05c0
	at java.base/jdk.internal.reflect.DirectConstructorHandleAccessor.newInstance(DirectConstructorHandleAccessor.java:62)
	at java.base/java.lang.reflect.Constructor.newInstanceWithCaller(Constructor.java:502)
	at java.base/java.lang.reflect.Constructor.newInstance(Constructor.java:486)
	at org.openqa.selenium.remote.codec.w3c.W3CHttpResponseCodec.createException(W3CHttpResponseCodec.java:200)
	at org.openqa.selenium.remote.codec.w3c.W3CHttpResponseCodec.decode(W3CHttpResponseCodec.java:133)
	at org.openqa.selenium.remote.codec.w3c.W3CHttpResponseCodec.decode(W3CHttpResponseCodec.java:52)
	at org.openqa.selenium.remote.HttpCommandExecutor.execute(HttpCommandExecutor.java:191)
	at org.openqa.selenium.remote.service.DriverCommandExecutor.invokeExecute(DriverCommandExecutor.java:200)
	at org.openqa.selenium.remote.service.DriverCommandExecutor.execute(DriverCommandExecutor.java:175)
	at org.openqa.selenium.remote.RemoteWebDriver.execute(RemoteWebDriver.java:607)
	at org.openqa.selenium.remote.RemoteWebElement.execute(RemoteWebElement.java:224)
	at org.openqa.selenium.remote.RemoteWebElement.sendKeys(RemoteWebElement.java:111)
	at java.base/jdk.internal.reflect.DirectMethodHandleAccessor.invoke(DirectMethodHandleAccessor.java:103)
	at java.base/java.lang.reflect.Method.invoke(Method.java:580)
	at org.openqa.selenium.support.pagefactory.internal.LocatingElementHandler.invoke(LocatingElementHandler.java:51)
	at jdk.proxy2/jdk.proxy2.$Proxy32.sendKeys(Unknown Source)
	at ObjectRepository.CallcenterRegPage.attachFile(CallcenterRegPage.java:780)
	at CallCenterModule.Test_CallCenterModule.test_verify_file_size(Test_CallCenterModule.java:913)
	at java.base/jdk.internal.reflect.DirectMethodHandleAccessor.invoke(DirectMethodHandleAccessor.java:103)
	at java.base/java.lang.reflect.Method.invoke(Method.java:580)
	at org.testng.internal.invokers.MethodInvocationHelper.invokeMethod(MethodInvocationHelper.java:139)
	at org.testng.internal.invokers.TestInvoker.invokeMethod(TestInvoker.java:664)
	at org.testng.internal.invokers.TestInvoker.invokeTestMethod(TestInvoker.java:227)
	at org.testng.internal.invokers.MethodRunner.runInSequence(MethodRunner.java:50)
	at org.testng.internal.invokers.TestInvoker$MethodInvocationAgent.invoke(TestInvoker.java:957)
	at org.testng.internal.invokers.TestInvoker.invokeTestMethods(TestInvoker.java:200)
	at org.testng.internal.invokers.TestMethodWorker.invokeTestMethods(TestMethodWorker.java:148)
	at org.testng.internal.invokers.TestMethodWorker.run(TestMethodWorker.java:128)
	at java.base/java.util.ArrayList.forEach(ArrayList.java:1596)
	at org.testng.TestRunner.privateRun(TestRunner.java:848)
	at org.testng.TestRunner.run(TestRunner.java:621)
	at org.testng.SuiteRunner.runTest(SuiteRunner.java:443)
	at org.testng.SuiteRunner.runSequentially(SuiteRunner.java:437)
	at org.testng.SuiteRunner.privateRun(SuiteRunner.java:397)
	at org.testng.SuiteRunner.run(SuiteRunner.java:336)
	at org.testng.SuiteRunnerWorker.runSuite(SuiteRunnerWorker.java:52)
	at org.testng.SuiteRunnerWorker.run(SuiteRunnerWorker.java:95)
	at org.testng.TestNG.runSuitesSequentially(TestNG.java:1280)
	at org.testng.TestNG.runSuitesLocally(TestNG.java:1200)
	at org.testng.TestNG.runSuites(TestNG.java:1114)
	at org.testng.TestNG.run(TestNG.java:1082)
	at com.intellij.rt.testng.IDEARemoteTestNG.run(IDEARemoteTestNG.java:65)
	at com.intellij.rt.testng.RemoteTestNGStarter.main(RemoteTestNGStarter.java:105)

2024-07-03T18:17:46,718 [main] INFO  (Test_CallCenterModule.java:941) - Test Passed : Error message displayed for special characters entered in priority handling details field
2024-07-03T18:18:07,226 [main] INFO  (Test_CallCenterModule.java:959) - Test Passed : Alert pop up displayed when reaching maximum limit
2024-07-03T18:18:07,672 [main] INFO  (Test_CallCenterModule.java:979) - Test Passed : Error message displayed for special characters entered in remarks field
2024-07-03T18:18:27,981 [main] INFO  (Test_CallCenterModule.java:998) - Test Passed : Alert pop up displayed when reaching maximum limit
2024-07-03T18:18:35,329 [main] INFO  (Test_CallCenterModule.java:1020) - Test Passed : Call center user not able to logOff by dismissing alert pop up
2024-07-03T18:18:36,997 [main] INFO  (Test_CallCenterModule.java:1040) - Test Passed : Call center user is able to logOff successfully
