2024-07-17T12:48:50,578 [main] INFO  (Test_CallCenterModule.java:50) - Test Passed : Menu button is visible and clickable on the web page
2024-07-17T12:48:55,620 [main] INFO  (Test_CallCenterModule.java:75) - Test Passed : User is able to open Registration Against Entity By IRDAI Page
2024-07-17T12:48:55,667 [main] INFO  (Test_CallCenterModule.java:94) - Test Passed : Identify By drop down is visible on the web page
2024-07-17T12:48:55,686 [main] INFO  (Test_CallCenterModule.java:104) - Test Passed : Mobile number or Email input field is visible on the page
2024-07-17T12:48:55,715 [main] INFO  (Test_CallCenterModule.java:114) - Test Passed : Search button present on the web page
2024-07-17T12:48:55,730 [main] INFO  (Test_CallCenterModule.java:124) - Test Passed : PinCode checkbox is visible and enabled
2024-07-17T12:48:55,851 [main] INFO  (Test_CallCenterModule.java:134) - Test Passed : All fields related to complaint classification is visible on registration page
2024-07-17T12:48:55,930 [main] INFO  (Test_CallCenterModule.java:144) - Test Passed : Policy/Proposal Number/Certificate Number/Claim Number radio buttons are displayed
2024-07-17T12:48:55,956 [main] INFO  (Test_CallCenterModule.java:154) - Test Passed : Policy number field is visible and enabled
2024-07-17T12:48:55,972 [main] INFO  (Test_CallCenterModule.java:164) - Test Passed : Complaint details field is visible and enabled
2024-07-17T12:49:06,216 [main] INFO  (Test_CallCenterModule.java:196) - Test Passed : Back button functionality is working by dismissing alert pop up
2024-07-17T12:49:16,236 [main] INFO  (Test_CallCenterModule.java:219) - Test Passed : Back button functionality is working by accepting alert pop up
2024-07-17T12:49:25,277 [main] INFO  (Test_CallCenterModule.java:241) - Test Passed : Is Complaint Registered radio buttons are clickable
2024-07-17T12:49:26,531 [main] INFO  (Test_CallCenterModule.java:261) - Test Passed : Mobile Number option present and it's label and field is visible
2024-07-17T12:49:26,537 [main] INFO  (Test_CallCenterModule.java:279) - Test Passed : Search button is enabled
2024-07-17T12:49:32,795 [main] INFO  (Test_CallCenterModule.java:300) - Test Passed : Error popUp displayed for invalid mobile number
2024-07-17T12:49:34,982 [main] INFO  (Test_CallCenterModule.java:322) - Test Passed : Error message displayed for empty mobile number
2024-07-17T12:49:39,184 [main] INFO  (Test_CallCenterModule.java:346) - Test Passed : Error message displayed for less than 10 digit mobile number
2024-07-17T12:49:43,446 [main] INFO  (Test_CallCenterModule.java:368) - Test Passed : Existing user details displayed correctly with valid mobile number
2024-07-17T12:49:49,248 [main] INFO  (Test_CallCenterModule.java:392) - Test Passed : Email ID option present and it's label and field is visible
2024-07-17T12:49:52,411 [main] INFO  (Test_CallCenterModule.java:414) - Test Passed : Warning pop up displayed when searching with empty emailID field
2024-07-17T12:49:57,677 [main] INFO  (Test_CallCenterModule.java:435) - Test Passed : Warning popUp displayed for invalid email Id
2024-07-17T12:50:01,918 [main] INFO  (Test_CallCenterModule.java:456) - Test Passed : Existing user details displayed correctly with valid email ID
2024-07-17T12:50:01,998 [main] INFO  (Test_CallCenterModule.java:473) - Test Passed : Pin code field is visible
2024-07-17T12:50:05,300 [main] ERROR (Test_CallCenterModule.java:498) - Test Failed : District and state populated for invalid pinCode
2024-07-17T12:50:08,577 [main] ERROR (Test_CallCenterModule.java:518) - Test Failed : District and state not populated for valid pinCode
2024-07-17T12:50:08,679 [main] INFO  (Test_CallCenterModule.java:529) - Test Passed : Call center user is able to interact with complaint against dropdown
2024-07-17T12:50:10,913 [main] INFO  (Test_CallCenterModule.java:546) - Test Passed : Required fields are displayed for complaint against insurance company
2024-07-17T12:50:13,117 [main] INFO  (Test_CallCenterModule.java:565) - Test Passed : Expected error message displayed for select option in complaint against dropdown
2024-07-17T12:50:20,528 [main] INFO  (Test_CallCenterModule.java:585) - Test Passed : Only Required fields are visible for complaint against unregistered entity without involvement of insurance company
2024-07-17T12:50:26,928 [main] INFO  (Test_CallCenterModule.java:606) - Test Passed : Required fields are visible for complaint against unregistered entity with involvement of insurance company
2024-07-17T12:50:31,408 [main] INFO  (Test_CallCenterModule.java:625) - Test Passed : Required fields are visible for complaint against insurance intermediary
2024-07-17T12:50:33,917 [main] INFO  (Test_CallCenterModule.java:644) - Test Passed : Broker dropdown list and it's license number field is visible
2024-07-17T12:50:36,712 [main] INFO  (Test_CallCenterModule.java:654) - Test Passed : Broker license number populated correctly
2024-07-17T12:50:36,941 [main] INFO  (Test_CallCenterModule.java:673) - Test Passed : All identifier type radio buttons are enabled
2024-07-17T12:50:37,445 [main] INFO  (Test_CallCenterModule.java:693) - Test Passed : Error message displayed for empty policy/proposal/certificate/claim number field
2024-07-17T12:50:49,669 [main] INFO  (Test_CallCenterModule.java:713) - Test Passed : Alert pop up displayed when reaching maximum limit
2024-07-17T12:50:54,475 [main] INFO  (Test_CallCenterModule.java:737) - Test Passed : Error message displayed for empty complaint details field
2024-07-17T12:50:56,021 [main] INFO  (Test_CallCenterModule.java:757) - Test Passed : Error message displayed for special characters entered in complaint details field
2024-07-17T12:51:32,606 [main] INFO  (Test_CallCenterModule.java:777) - Test Passed : Alert pop up displayed when reaching maximum limit
2024-07-17T12:51:34,527 [main] INFO  (Test_CallCenterModule.java:797) - Test Passed : Error message displayed when source of complaint not selected
2024-07-17T12:51:43,185 [main] INFO  (Test_CallCenterModule.java:817) - Test Passed : Error message displayed when date of letter not selected
2024-07-17T12:51:44,424 [main] INFO  (Test_CallCenterModule.java:836) - Test Passed : Error message displayed for invalid date format
2024-07-17T12:51:46,099 [main] INFO  (Test_CallCenterModule.java:856) - Test Passed : Error message displayed when date of receipt of complaint not selected
2024-07-17T12:51:47,216 [main] INFO  (Test_CallCenterModule.java:875) - Test Passed : Error message displayed for date of receipt of complaint with invalid date format
2024-07-17T12:51:51,006 [main] INFO  (Test_CallCenterModule.java:898) - Test Passed : Call center user is not able to upload other file formats
2024-07-17T12:51:53,344 [main] INFO  (Test_CallCenterModule.java:920) - Test Passed : Call center user is not able to upload more than 10mb size file
2024-07-17T12:51:56,198 [main] INFO  (Test_CallCenterModule.java:941) - Test Passed : Error message displayed for special characters entered in priority handling details field
2024-07-17T12:52:32,204 [main] INFO  (Test_CallCenterModule.java:959) - Test Passed : Alert pop up displayed when reaching maximum limit
2024-07-17T12:52:33,408 [main] INFO  (Test_CallCenterModule.java:979) - Test Passed : Error message displayed for special characters entered in remarks field
2024-07-17T12:53:09,631 [main] INFO  (Test_CallCenterModule.java:998) - Test Passed : Alert pop up displayed when reaching maximum limit
2024-07-17T12:53:17,457 [main] INFO  (Test_CallCenterModule.java:1020) - Test Passed : Call center user not able to logOff by dismissing alert pop up
2024-07-17T12:53:19,546 [main] INFO  (Test_CallCenterModule.java:1040) - Test Passed : Call center user is able to logOff successfully
