2024-07-03T18:38:04,296 [main] INFO  (Test_CallCenterModule.java:50) - Test Passed : Menu button is visible and clickable on the web page
2024-07-03T18:38:09,571 [main] INFO  (Test_CallCenterModule.java:75) - Test Passed : User is able to open Registration Against Entity By IRDAI Page
2024-07-03T18:38:09,596 [main] INFO  (Test_CallCenterModule.java:94) - Test Passed : Identify By drop down is visible on the web page
2024-07-03T18:38:09,630 [main] INFO  (Test_CallCenterModule.java:104) - Test Passed : Mobile number or Email input field is visible on the page
2024-07-03T18:38:09,646 [main] INFO  (Test_CallCenterModule.java:114) - Test Passed : Search button present on the web page
2024-07-03T18:38:09,682 [main] INFO  (Test_CallCenterModule.java:124) - Test Passed : PinCode checkbox is visible and enabled
2024-07-03T18:38:09,777 [main] INFO  (Test_CallCenterModule.java:134) - Test Passed : All fields related to complaint classification is visible on registration page
2024-07-03T18:38:09,840 [main] INFO  (Test_CallCenterModule.java:144) - Test Passed : Policy/Proposal Number/Certificate Number/Claim Number radio buttons are displayed
2024-07-03T18:38:09,870 [main] INFO  (Test_CallCenterModule.java:154) - Test Passed : Policy number field is visible and enabled
2024-07-03T18:38:09,887 [main] INFO  (Test_CallCenterModule.java:164) - Test Passed : Complaint details field is visible and enabled
2024-07-03T18:38:20,172 [main] INFO  (Test_CallCenterModule.java:196) - Test Passed : Back button functionality is working by dismissing alert pop up
2024-07-03T18:38:31,353 [main] INFO  (Test_CallCenterModule.java:219) - Test Passed : Back button functionality is working by accepting alert pop up
2024-07-03T18:38:41,210 [main] INFO  (Test_CallCenterModule.java:241) - Test Passed : Is Complaint Registered radio buttons are clickable
2024-07-03T18:38:42,486 [main] INFO  (Test_CallCenterModule.java:261) - Test Passed : Mobile Number option present and it's label and field is visible
2024-07-03T18:38:42,502 [main] INFO  (Test_CallCenterModule.java:279) - Test Passed : Search button is enabled
2024-07-03T18:38:48,738 [main] INFO  (Test_CallCenterModule.java:300) - Test Passed : Error popUp displayed for invalid mobile number
2024-07-03T18:38:50,932 [main] INFO  (Test_CallCenterModule.java:322) - Test Passed : Error message displayed for empty mobile number
2024-07-03T18:38:55,129 [main] INFO  (Test_CallCenterModule.java:346) - Test Passed : Error message displayed for less than 10 digit mobile number
2024-07-03T18:38:59,369 [main] INFO  (Test_CallCenterModule.java:368) - Test Passed : Existing user details displayed correctly with valid mobile number
2024-07-03T18:39:04,773 [main] INFO  (Test_CallCenterModule.java:392) - Test Passed : Email ID option present and it's label and field is visible
2024-07-03T18:39:07,943 [main] INFO  (Test_CallCenterModule.java:414) - Test Passed : Warning pop up displayed when searching with empty emailID field
2024-07-03T18:39:13,164 [main] INFO  (Test_CallCenterModule.java:435) - Test Passed : Warning popUp displayed for invalid email Id
2024-07-03T18:39:17,402 [main] INFO  (Test_CallCenterModule.java:456) - Test Passed : Existing user details displayed correctly with valid email ID
2024-07-03T18:39:17,493 [main] INFO  (Test_CallCenterModule.java:473) - Test Passed : Pin code field is visible
2024-07-03T18:39:20,755 [main] INFO  (Test_CallCenterModule.java:493) - Test Passed : District and state not populated for invalid pinCode
2024-07-03T18:39:23,965 [main] INFO  (Test_CallCenterModule.java:513) - Test Passed : District and state auto populated for valid pinCode
2024-07-03T18:39:24,045 [main] INFO  (Test_CallCenterModule.java:529) - Test Passed : Call center user is able to interact with complaint against dropdown
2024-07-03T18:39:26,290 [main] INFO  (Test_CallCenterModule.java:546) - Test Passed : Required fields are displayed for complaint against insurance company
2024-07-03T18:39:28,479 [main] INFO  (Test_CallCenterModule.java:565) - Test Passed : Expected error message displayed for select option in complaint against dropdown
2024-07-03T18:39:35,901 [main] INFO  (Test_CallCenterModule.java:585) - Test Passed : Only Required fields are visible for complaint against unregistered entity without involvement of insurance company
2024-07-03T18:39:42,253 [main] INFO  (Test_CallCenterModule.java:606) - Test Passed : Required fields are visible for complaint against unregistered entity with involvement of insurance company
2024-07-03T18:39:46,475 [main] INFO  (Test_CallCenterModule.java:625) - Test Passed : Required fields are visible for complaint against insurance intermediary
2024-07-03T18:39:48,698 [main] INFO  (Test_CallCenterModule.java:644) - Test Passed : Broker dropdown list and it's license number field is visible
2024-07-03T18:39:51,467 [main] INFO  (Test_CallCenterModule.java:654) - Test Passed : Broker license number populated correctly
2024-07-03T18:39:51,529 [main] INFO  (Test_CallCenterModule.java:673) - Test Passed : All identifier type radio buttons are enabled
2024-07-03T18:39:51,768 [main] INFO  (Test_CallCenterModule.java:693) - Test Passed : Error message displayed for empty policy/proposal/certificate/claim number field
2024-07-03T18:40:03,671 [main] INFO  (Test_CallCenterModule.java:713) - Test Passed : Alert pop up displayed when reaching maximum limit
2024-07-03T18:40:07,956 [main] INFO  (Test_CallCenterModule.java:737) - Test Passed : Error message displayed for empty complaint details field
2024-07-03T18:40:09,169 [main] INFO  (Test_CallCenterModule.java:757) - Test Passed : Error message displayed for special characters entered in complaint details field
2024-07-03T18:40:30,328 [main] INFO  (Test_CallCenterModule.java:777) - Test Passed : Alert pop up displayed when reaching maximum limit
2024-07-03T18:40:31,652 [main] INFO  (Test_CallCenterModule.java:797) - Test Passed : Error message displayed when source of complaint not selected
2024-07-03T18:40:39,927 [main] INFO  (Test_CallCenterModule.java:817) - Test Passed : Error message displayed when date of letter not selected
2024-07-03T18:40:40,707 [main] INFO  (Test_CallCenterModule.java:836) - Test Passed : Error message displayed for invalid date format
2024-07-03T18:40:41,993 [main] INFO  (Test_CallCenterModule.java:856) - Test Passed : Error message displayed when date of receipt of complaint not selected
2024-07-03T18:40:42,716 [main] INFO  (Test_CallCenterModule.java:875) - Test Passed : Error message displayed for date of receipt of complaint with invalid date format
2024-07-03T18:40:46,070 [main] INFO  (Test_CallCenterModule.java:898) - Test Passed : Call center user is not able to upload other file formats
2024-07-03T18:40:48,229 [main] INFO  (Test_CallCenterModule.java:920) - Test Passed : Call center user is not able to upload more than 10mb size file
2024-07-03T18:40:50,679 [main] INFO  (Test_CallCenterModule.java:941) - Test Passed : Error message displayed for special characters entered in priority handling details field
2024-07-03T18:41:11,185 [main] INFO  (Test_CallCenterModule.java:959) - Test Passed : Alert pop up displayed when reaching maximum limit
2024-07-03T18:41:11,615 [main] INFO  (Test_CallCenterModule.java:979) - Test Passed : Error message displayed for special characters entered in remarks field
2024-07-03T18:41:32,141 [main] INFO  (Test_CallCenterModule.java:998) - Test Passed : Alert pop up displayed when reaching maximum limit
2024-07-03T18:41:39,488 [main] INFO  (Test_CallCenterModule.java:1020) - Test Passed : Call center user not able to logOff by dismissing alert pop up
2024-07-03T18:41:42,494 [main] INFO  (Test_CallCenterModule.java:1040) - Test Passed : Call center user is able to logOff successfully
