2024-06-06T18:51:05,763 [main] INFO  (Test_CallCenterModule.java:42) - Test Passed : Menu button is visible and clickable on the web page
2024-06-06T18:51:13,606 [main] INFO  (Test_CallCenterModule.java:66) - Test Passed : User is able to open Registration Against Entity By IRDAI Page
2024-06-06T18:51:13,683 [main] INFO  (Test_CallCenterModule.java:84) - Test Passed : Identify By drop down is visible on the web page
2024-06-06T18:51:13,736 [main] INFO  (Test_CallCenterModule.java:93) - Test Passed : Mobile number or Email input field is visible on the page
2024-06-06T18:51:13,779 [main] INFO  (Test_CallCenterModule.java:102) - Test Passed : Search button present on the web page
2024-06-06T18:51:13,969 [main] INFO  (Test_CallCenterModule.java:111) - Test Passed : PinCode checkbox and field visible
2024-06-06T18:51:21,225 [main] INFO  (Test_CallCenterModule.java:130) - Test Passed : Is Complaint Registered radio buttons are clickable
2024-06-06T18:51:22,669 [main] INFO  (Test_CallCenterModule.java:149) - Test Passed : Mobile Number option present and it's label and field is visible
2024-06-06T18:51:22,704 [main] INFO  (Test_CallCenterModule.java:166) - Test Passed : Search button is enabled
2024-06-06T18:51:22,967 [main] ERROR (MainClass.java:97) - java.lang.NullPointerException: Cannot invoke "String.equals(Object)" because the return value of "ObjectRepository.CallcenterRegPage.errorMessage()" is null
	at CallCenterModule.Test_CallCenterModule.test_search_invalid_MobileNumber(Test_CallCenterModule.java:183)
	at java.base/jdk.internal.reflect.DirectMethodHandleAccessor.invoke(DirectMethodHandleAccessor.java:103)
	at java.base/java.lang.reflect.Method.invoke(Method.java:580)
	at org.testng.internal.invokers.MethodInvocationHelper.invokeMethod(MethodInvocationHelper.java:139)
	at org.testng.internal.invokers.TestInvoker.invokeMethod(TestInvoker.java:664)
	at org.testng.internal.invokers.TestInvoker.invokeTestMethod(TestInvoker.java:227)
	at org.testng.internal.invokers.MethodRunner.runInSequence(MethodRunner.java:50)
	at org.testng.internal.invokers.TestInvoker$MethodInvocationAgent.invoke(TestInvoker.java:957)
	at org.testng.internal.invokers.TestInvoker.invokeTestMethods(TestInvoker.java:200)
	at org.testng.internal.invokers.TestMethodWorker.invokeTestMethods(TestMethodWorker.java:148)
	at org.testng.internal.invokers.TestMethodWorker.run(TestMethodWorker.java:128)
	at java.base/java.util.ArrayList.forEach(ArrayList.java:1596)
	at org.testng.TestRunner.privateRun(TestRunner.java:848)
	at org.testng.TestRunner.run(TestRunner.java:621)
	at org.testng.SuiteRunner.runTest(SuiteRunner.java:443)
	at org.testng.SuiteRunner.runSequentially(SuiteRunner.java:437)
	at org.testng.SuiteRunner.privateRun(SuiteRunner.java:397)
	at org.testng.SuiteRunner.run(SuiteRunner.java:336)
	at org.testng.SuiteRunnerWorker.runSuite(SuiteRunnerWorker.java:52)
	at org.testng.SuiteRunnerWorker.run(SuiteRunnerWorker.java:95)
	at org.testng.TestNG.runSuitesSequentially(TestNG.java:1280)
	at org.testng.TestNG.runSuitesLocally(TestNG.java:1200)
	at org.testng.TestNG.runSuites(TestNG.java:1114)
	at org.testng.TestNG.run(TestNG.java:1082)
	at com.intellij.rt.testng.IDEARemoteTestNG.run(IDEARemoteTestNG.java:65)
	at com.intellij.rt.testng.RemoteTestNGStarter.main(RemoteTestNGStarter.java:105)

