2024-06-19T14:53:47,778 [main] INFO  (Test_CallCenterModule.java:45) - Test Passed : Menu button is visible and clickable on the web page
2024-06-19T14:53:52,665 [main] INFO  (Test_CallCenterModule.java:70) - Test Passed : User is able to open Registration Against Entity By IRDAI Page
2024-06-19T14:53:53,890 [main] INFO  (Test_CallCenterModule.java:159) - Test Passed : Mobile Number option present and it's label and field is visible
2024-06-19T14:53:58,080 [main] INFO  (Test_CallCenterModule.java:266) - Test Passed : Existing user details displayed correctly with valid mobile number
2024-06-19T14:54:04,228 [main] INFO  (Test_CallCenterModule.java:371) - Test Passed : Pin code field is visible
2024-06-19T14:54:04,270 [main] ERROR (MainClass.java:110) - java.lang.NullPointerException: Cannot invoke "java.util.Random.nextInt(int)" because "this.random" is null
	at CallCenterModule.Test_CallCenterModule.test_verify_pinCode_field_with_invalid_pinCode(Test_CallCenterModule.java:385)
	at java.base/jdk.internal.reflect.DirectMethodHandleAccessor.invoke(DirectMethodHandleAccessor.java:103)
	at java.base/java.lang.reflect.Method.invoke(Method.java:580)
	at org.testng.internal.invokers.MethodInvocationHelper.invokeMethod(MethodInvocationHelper.java:139)
	at org.testng.internal.invokers.TestInvoker.invokeMethod(TestInvoker.java:664)
	at org.testng.internal.invokers.TestInvoker.invokeTestMethod(TestInvoker.java:227)
	at org.testng.internal.invokers.MethodRunner.runInSequence(MethodRunner.java:50)
	at org.testng.internal.invokers.TestInvoker$MethodInvocationAgent.invoke(TestInvoker.java:957)
	at org.testng.internal.invokers.TestInvoker.invokeTestMethods(TestInvoker.java:200)
	at org.testng.internal.invokers.TestMethodWorker.invokeTestMethods(TestMethodWorker.java:148)
	at org.testng.internal.invokers.TestMethodWorker.run(TestMethodWorker.java:128)
	at java.base/java.util.ArrayList.forEach(ArrayList.java:1596)
	at org.testng.TestRunner.privateRun(TestRunner.java:848)
	at org.testng.TestRunner.run(TestRunner.java:621)
	at org.testng.SuiteRunner.runTest(SuiteRunner.java:443)
	at org.testng.SuiteRunner.runSequentially(SuiteRunner.java:437)
	at org.testng.SuiteRunner.privateRun(SuiteRunner.java:397)
	at org.testng.SuiteRunner.run(SuiteRunner.java:336)
	at org.testng.SuiteRunnerWorker.runSuite(SuiteRunnerWorker.java:52)
	at org.testng.SuiteRunnerWorker.run(SuiteRunnerWorker.java:95)
	at org.testng.TestNG.runSuitesSequentially(TestNG.java:1280)
	at org.testng.TestNG.runSuitesLocally(TestNG.java:1200)
	at org.testng.TestNG.runSuites(TestNG.java:1114)
	at org.testng.TestNG.run(TestNG.java:1082)
	at com.intellij.rt.testng.IDEARemoteTestNG.run(IDEARemoteTestNG.java:65)
	at com.intellij.rt.testng.RemoteTestNGStarter.main(RemoteTestNGStarter.java:105)

