2024-06-21T13:01:10,975 [main] INFO  (Test_CallCenterModule.java:47) - Test Passed : Menu button is visible and clickable on the web page
2024-06-21T13:01:16,238 [main] INFO  (Test_CallCenterModule.java:72) - Test Passed : User is able to open Registration Against Entity By IRDAI Page
2024-06-21T13:01:17,586 [main] INFO  (Test_CallCenterModule.java:161) - Test Passed : Mobile Number option present and it's label and field is visible
2024-06-21T13:01:21,833 [main] INFO  (Test_CallCenterModule.java:268) - Test Passed : Existing user details displayed correctly with valid mobile number
2024-06-21T13:01:22,037 [main] INFO  (Test_CallCenterModule.java:373) - Test Passed : Pin code field is visible
2024-06-21T13:01:25,470 [main] INFO  (Test_CallCenterModule.java:413) - Test Passed : District and state auto populated for valid pinCode
2024-06-21T13:01:27,880 [main] INFO  (Test_CallCenterModule.java:446) - Test Passed : Required fields are displayed for complaint against insurance company
2024-06-21T13:01:32,458 [main] INFO  (Test_CallCenterModule.java:629) - Test Passed : Error message displayed for empty complaint details field
2024-06-21T13:01:33,887 [main] INFO  (Test_CallCenterModule.java:690) - Test Passed : Error message displayed when source of complaint not selected
2024-06-21T13:01:42,425 [main] INFO  (Test_CallCenterModule.java:710) - Test Passed : Error message displayed when date of letter not selected
2024-06-21T13:01:43,328 [main] INFO  (Test_CallCenterModule.java:729) - Test Passed : Error message displayed for invalid date format
2024-06-21T13:01:50,913 [main] INFO  (Test_CallCenterModule.java:749) - Test Passed : Error message displayed when date of receipt of complaint not selected
2024-06-21T13:01:51,843 [main] INFO  (Test_CallCenterModule.java:768) - Test Passed : Error message displayed for date of receipt of complaint with invalid date format
2024-06-21T13:02:00,155 [main] ERROR (MainClass.java:118) - org.openqa.selenium.ElementClickInterceptedException: element click intercepted: Element <button id="btnupload" type="button" class="btn btn-primary full-width label_upload">...</button> is not clickable at point (869, 19). Other element would receive the click: <button type="button" id="btn-orig" class="btn btn-border label_a">...</button>
  (Session info: chrome=126.0.6478.115)
Build info: version: '4.15.0', revision: '1d14b5521b'
System info: os.name: 'Windows 11', os.arch: 'amd64', os.version: '10.0', java.version: '21.0.2'
Driver info: org.openqa.selenium.chrome.ChromeDriver
Command: [557fef7641b65ab0f249bb7dd409d945, clickElement {id=f.984B1A6282EB05AF169E07C33062B64E.d.511353F9902C1FA6E89CAF979A890B32.e.214}]
Capabilities {acceptInsecureCerts: false, browserName: chrome, browserVersion: 126.0.6478.115, chrome: {chromedriverVersion: 126.0.6478.63 (df799988fdc9..., userDataDir: C:\Users\ABHISH~1\AppData\L...}, fedcm:accounts: true, goog:chromeOptions: {debuggerAddress: localhost:63022}, networkConnectionEnabled: false, pageLoadStrategy: normal, platformName: windows, proxy: Proxy(), se:cdp: ws://localhost:63022/devtoo..., se:cdpVersion: 126.0.6478.115, setWindowRect: true, strictFileInteractability: false, timeouts: {implicit: 0, pageLoad: 300000, script: 30000}, unhandledPromptBehavior: dismiss and notify, webauthn:extension:credBlob: true, webauthn:extension:largeBlob: true, webauthn:extension:minPinLength: true, webauthn:extension:prf: true, webauthn:virtualAuthenticators: true}
Element: [[ChromeDriver: chrome on windows (557fef7641b65ab0f249bb7dd409d945)] -> id: btnupload]
Session ID: 557fef7641b65ab0f249bb7dd409d945
	at java.base/jdk.internal.reflect.DirectConstructorHandleAccessor.newInstance(DirectConstructorHandleAccessor.java:62)
	at java.base/java.lang.reflect.Constructor.newInstanceWithCaller(Constructor.java:502)
	at java.base/java.lang.reflect.Constructor.newInstance(Constructor.java:486)
	at org.openqa.selenium.remote.codec.w3c.W3CHttpResponseCodec.createException(W3CHttpResponseCodec.java:200)
	at org.openqa.selenium.remote.codec.w3c.W3CHttpResponseCodec.decode(W3CHttpResponseCodec.java:133)
	at org.openqa.selenium.remote.codec.w3c.W3CHttpResponseCodec.decode(W3CHttpResponseCodec.java:52)
	at org.openqa.selenium.remote.HttpCommandExecutor.execute(HttpCommandExecutor.java:191)
	at org.openqa.selenium.remote.service.DriverCommandExecutor.invokeExecute(DriverCommandExecutor.java:200)
	at org.openqa.selenium.remote.service.DriverCommandExecutor.execute(DriverCommandExecutor.java:175)
	at org.openqa.selenium.remote.RemoteWebDriver.execute(RemoteWebDriver.java:607)
	at org.openqa.selenium.remote.RemoteWebElement.execute(RemoteWebElement.java:224)
	at org.openqa.selenium.remote.RemoteWebElement.click(RemoteWebElement.java:77)
	at java.base/jdk.internal.reflect.DirectMethodHandleAccessor.invoke(DirectMethodHandleAccessor.java:103)
	at java.base/java.lang.reflect.Method.invoke(Method.java:580)
	at org.openqa.selenium.support.pagefactory.internal.LocatingElementHandler.invoke(LocatingElementHandler.java:51)
	at jdk.proxy2/jdk.proxy2.$Proxy32.click(Unknown Source)
	at ObjectRepository.CallcenterRegPage.upload(CallcenterRegPage.java:778)
	at CallCenterModule.Test_CallCenterModule.test_verify_file_type(Test_CallCenterModule.java:784)
	at java.base/jdk.internal.reflect.DirectMethodHandleAccessor.invoke(DirectMethodHandleAccessor.java:103)
	at java.base/java.lang.reflect.Method.invoke(Method.java:580)
	at org.testng.internal.invokers.MethodInvocationHelper.invokeMethod(MethodInvocationHelper.java:139)
	at org.testng.internal.invokers.TestInvoker.invokeMethod(TestInvoker.java:664)
	at org.testng.internal.invokers.TestInvoker.invokeTestMethod(TestInvoker.java:227)
	at org.testng.internal.invokers.MethodRunner.runInSequence(MethodRunner.java:50)
	at org.testng.internal.invokers.TestInvoker$MethodInvocationAgent.invoke(TestInvoker.java:957)
	at org.testng.internal.invokers.TestInvoker.invokeTestMethods(TestInvoker.java:200)
	at org.testng.internal.invokers.TestMethodWorker.invokeTestMethods(TestMethodWorker.java:148)
	at org.testng.internal.invokers.TestMethodWorker.run(TestMethodWorker.java:128)
	at java.base/java.util.ArrayList.forEach(ArrayList.java:1596)
	at org.testng.TestRunner.privateRun(TestRunner.java:848)
	at org.testng.TestRunner.run(TestRunner.java:621)
	at org.testng.SuiteRunner.runTest(SuiteRunner.java:443)
	at org.testng.SuiteRunner.runSequentially(SuiteRunner.java:437)
	at org.testng.SuiteRunner.privateRun(SuiteRunner.java:397)
	at org.testng.SuiteRunner.run(SuiteRunner.java:336)
	at org.testng.SuiteRunnerWorker.runSuite(SuiteRunnerWorker.java:52)
	at org.testng.SuiteRunnerWorker.run(SuiteRunnerWorker.java:95)
	at org.testng.TestNG.runSuitesSequentially(TestNG.java:1280)
	at org.testng.TestNG.runSuitesLocally(TestNG.java:1200)
	at org.testng.TestNG.runSuites(TestNG.java:1114)
	at org.testng.TestNG.run(TestNG.java:1082)
	at com.intellij.rt.testng.IDEARemoteTestNG.run(IDEARemoteTestNG.java:65)
	at com.intellij.rt.testng.RemoteTestNGStarter.main(RemoteTestNGStarter.java:105)

