2024-06-20T16:13:54,106 [main] INFO  (Test_CallCenterModule.java:46) - Test Passed : Menu button is visible and clickable on the web page
2024-06-20T16:13:59,039 [main] INFO  (Test_CallCenterModule.java:71) - Test Passed : User is able to open Registration Against Entity By IRDAI Page
2024-06-20T16:13:59,082 [main] INFO  (Test_CallCenterModule.java:90) - Test Passed : Identify By drop down is visible on the web page
2024-06-20T16:13:59,106 [main] INFO  (Test_CallCenterModule.java:100) - Test Passed : Mobile number or Email input field is visible on the page
2024-06-20T16:13:59,126 [main] INFO  (Test_CallCenterModule.java:110) - Test Passed : Search button present on the web page
2024-06-20T16:13:59,148 [main] INFO  (Test_CallCenterModule.java:120) - Test Passed : PinCode checkbox is visible and enabled
2024-06-20T16:14:03,309 [main] INFO  (Test_CallCenterModule.java:140) - Test Passed : Is Complaint Registered radio buttons are clickable
2024-06-20T16:14:04,526 [main] INFO  (Test_CallCenterModule.java:160) - Test Passed : Mobile Number option present and it's label and field is visible
2024-06-20T16:14:04,545 [main] INFO  (Test_CallCenterModule.java:178) - Test Passed : Search button is enabled
2024-06-20T16:14:08,715 [main] INFO  (Test_CallCenterModule.java:267) - Test Passed : Existing user details displayed correctly with valid mobile number
2024-06-20T16:14:08,806 [main] INFO  (Test_CallCenterModule.java:372) - Test Passed : Pin code field is visible
2024-06-20T16:14:12,015 [main] INFO  (Test_CallCenterModule.java:412) - Test Passed : District and state auto populated for valid pinCode
2024-06-20T16:14:12,096 [main] INFO  (Test_CallCenterModule.java:428) - Test Passed : Call center user is able to interact with complaint against dropdown
2024-06-20T16:14:14,306 [main] INFO  (Test_CallCenterModule.java:445) - Test Passed : Required fields are displayed for complaint against insurance company
2024-06-20T16:14:14,366 [main] INFO  (Test_CallCenterModule.java:572) - Test Passed : All identifier type radio buttons are enabled
2024-06-20T16:14:14,555 [main] INFO  (Test_CallCenterModule.java:592) - Test Passed : Error message displayed for empty policy/proposal/certificate/claim number field
2024-06-20T16:14:15,871 [main] ERROR (MainClass.java:110) - org.openqa.selenium.UnhandledAlertException: unexpected alert open: {Alert text : You have reached your maximum limit of characters allowed}
  (Session info: chrome=126.0.6478.61): You have reached your maximum limit of characters allowed
Build info: version: '4.15.0', revision: '1d14b5521b'
System info: os.name: 'Windows 11', os.arch: 'amd64', os.version: '10.0', java.version: '21.0.2'
Driver info: org.openqa.selenium.chrome.ChromeDriver
Command: [6d1cf25ffad1fc161f2b2ed1af2453a8, findElement {using=id, value=rdPolicyNumber}]
Capabilities {acceptInsecureCerts: false, browserName: chrome, browserVersion: 126.0.6478.61, chrome: {chromedriverVersion: 126.0.6478.62 (b2781ca4c383..., userDataDir: C:\Users\ABHISH~1\AppData\L...}, fedcm:accounts: true, goog:chromeOptions: {debuggerAddress: localhost:49815}, networkConnectionEnabled: false, pageLoadStrategy: normal, platformName: windows, proxy: Proxy(), se:cdp: ws://localhost:49815/devtoo..., se:cdpVersion: 126.0.6478.61, setWindowRect: true, strictFileInteractability: false, timeouts: {implicit: 0, pageLoad: 300000, script: 30000}, unhandledPromptBehavior: dismiss and notify, webauthn:extension:credBlob: true, webauthn:extension:largeBlob: true, webauthn:extension:minPinLength: true, webauthn:extension:prf: true, webauthn:virtualAuthenticators: true}
Session ID: 6d1cf25ffad1fc161f2b2ed1af2453a8
	at org.openqa.selenium.remote.codec.w3c.W3CHttpResponseCodec.decode(W3CHttpResponseCodec.java:131)
	at org.openqa.selenium.remote.codec.w3c.W3CHttpResponseCodec.decode(W3CHttpResponseCodec.java:52)
	at org.openqa.selenium.remote.HttpCommandExecutor.execute(HttpCommandExecutor.java:191)
	at org.openqa.selenium.remote.service.DriverCommandExecutor.invokeExecute(DriverCommandExecutor.java:200)
	at org.openqa.selenium.remote.service.DriverCommandExecutor.execute(DriverCommandExecutor.java:175)
	at org.openqa.selenium.remote.RemoteWebDriver.execute(RemoteWebDriver.java:607)
	at org.openqa.selenium.remote.ElementLocation$ElementFinder$2.findElement(ElementLocation.java:165)
	at org.openqa.selenium.remote.ElementLocation.findElement(ElementLocation.java:59)
	at org.openqa.selenium.remote.RemoteWebDriver.findElement(RemoteWebDriver.java:364)
	at org.openqa.selenium.remote.RemoteWebDriver.findElement(RemoteWebDriver.java:358)
	at org.openqa.selenium.support.pagefactory.DefaultElementLocator.findElement(DefaultElementLocator.java:68)
	at org.openqa.selenium.support.pagefactory.internal.LocatingElementHandler.invoke(LocatingElementHandler.java:38)
	at jdk.proxy2/jdk.proxy2.$Proxy32.isSelected(Unknown Source)
	at ObjectRepository.CallcenterRegPage.selectPolicyNumber(CallcenterRegPage.java:636)
	at CallCenterModule.Test_CallCenterModule.test_empty_complaintDetails_field(Test_CallCenterModule.java:619)
	at java.base/jdk.internal.reflect.DirectMethodHandleAccessor.invoke(DirectMethodHandleAccessor.java:103)
	at java.base/java.lang.reflect.Method.invoke(Method.java:580)
	at org.testng.internal.invokers.MethodInvocationHelper.invokeMethod(MethodInvocationHelper.java:139)
	at org.testng.internal.invokers.TestInvoker.invokeMethod(TestInvoker.java:664)
	at org.testng.internal.invokers.TestInvoker.invokeTestMethod(TestInvoker.java:227)
	at org.testng.internal.invokers.MethodRunner.runInSequence(MethodRunner.java:50)
	at org.testng.internal.invokers.TestInvoker$MethodInvocationAgent.invoke(TestInvoker.java:957)
	at org.testng.internal.invokers.TestInvoker.invokeTestMethods(TestInvoker.java:200)
	at org.testng.internal.invokers.TestMethodWorker.invokeTestMethods(TestMethodWorker.java:148)
	at org.testng.internal.invokers.TestMethodWorker.run(TestMethodWorker.java:128)
	at java.base/java.util.ArrayList.forEach(ArrayList.java:1596)
	at org.testng.TestRunner.privateRun(TestRunner.java:848)
	at org.testng.TestRunner.run(TestRunner.java:621)
	at org.testng.SuiteRunner.runTest(SuiteRunner.java:443)
	at org.testng.SuiteRunner.runSequentially(SuiteRunner.java:437)
	at org.testng.SuiteRunner.privateRun(SuiteRunner.java:397)
	at org.testng.SuiteRunner.run(SuiteRunner.java:336)
	at org.testng.SuiteRunnerWorker.runSuite(SuiteRunnerWorker.java:52)
	at org.testng.SuiteRunnerWorker.run(SuiteRunnerWorker.java:95)
	at org.testng.TestNG.runSuitesSequentially(TestNG.java:1280)
	at org.testng.TestNG.runSuitesLocally(TestNG.java:1200)
	at org.testng.TestNG.runSuites(TestNG.java:1114)
	at org.testng.TestNG.run(TestNG.java:1082)
	at com.intellij.rt.testng.IDEARemoteTestNG.run(IDEARemoteTestNG.java:65)
	at com.intellij.rt.testng.RemoteTestNGStarter.main(RemoteTestNGStarter.java:105)

