2024-06-21T13:06:50,185 [main] INFO  (Test_CallCenterModule.java:47) - Test Passed : Menu button is visible and clickable on the web page
2024-06-21T13:06:55,435 [main] INFO  (Test_CallCenterModule.java:72) - Test Passed : User is able to open Registration Against Entity By IRDAI Page
2024-06-21T13:06:56,730 [main] INFO  (Test_CallCenterModule.java:161) - Test Passed : Mobile Number option present and it's label and field is visible
2024-06-21T13:07:01,004 [main] INFO  (Test_CallCenterModule.java:268) - Test Passed : Existing user details displayed correctly with valid mobile number
2024-06-21T13:07:01,205 [main] INFO  (Test_CallCenterModule.java:373) - Test Passed : Pin code field is visible
2024-06-21T13:07:04,626 [main] INFO  (Test_CallCenterModule.java:413) - Test Passed : District and state auto populated for valid pinCode
2024-06-21T13:07:07,089 [main] INFO  (Test_CallCenterModule.java:446) - Test Passed : Required fields are displayed for complaint against insurance company
2024-06-21T13:07:11,757 [main] INFO  (Test_CallCenterModule.java:629) - Test Passed : Error message displayed for empty complaint details field
2024-06-21T13:07:13,158 [main] INFO  (Test_CallCenterModule.java:690) - Test Passed : Error message displayed when source of complaint not selected
2024-06-21T13:07:14,362 [main] ERROR (MainClass.java:118) - org.openqa.selenium.ElementClickInterceptedException: element click intercepted: Element <div class="chosen-container chosen-container-single" style="width: 263px;" title="" id="ddlsrcofcomplaint_chosen">...</div> is not clickable at point (502, 18). Other element would receive the click: <div class="d-flex justify-content-end" tabindex="0">...</div>
  (Session info: chrome=126.0.6478.115)
Build info: version: '4.15.0', revision: '1d14b5521b'
System info: os.name: 'Windows 11', os.arch: 'amd64', os.version: '10.0', java.version: '21.0.2'
Driver info: org.openqa.selenium.chrome.ChromeDriver
Command: [ffe8279bddec6be32e6c0134aaf115df, clickElement {id=f.87435396D2B7500D6937AA91371B3124.d.351D327775E2A7DC4EBB76FBDA3F072F.e.323}]
Capabilities {acceptInsecureCerts: false, browserName: chrome, browserVersion: 126.0.6478.115, chrome: {chromedriverVersion: 126.0.6478.63 (df799988fdc9..., userDataDir: C:\Users\ABHISH~1\AppData\L...}, fedcm:accounts: true, goog:chromeOptions: {debuggerAddress: localhost:63900}, networkConnectionEnabled: false, pageLoadStrategy: normal, platformName: windows, proxy: Proxy(), se:cdp: ws://localhost:63900/devtoo..., se:cdpVersion: 126.0.6478.115, setWindowRect: true, strictFileInteractability: false, timeouts: {implicit: 0, pageLoad: 300000, script: 30000}, unhandledPromptBehavior: dismiss and notify, webauthn:extension:credBlob: true, webauthn:extension:largeBlob: true, webauthn:extension:minPinLength: true, webauthn:extension:prf: true, webauthn:virtualAuthenticators: true}
Element: [[ChromeDriver: chrome on windows (ffe8279bddec6be32e6c0134aaf115df)] -> id: ddlsrcofcomplaint_chosen]
Session ID: ffe8279bddec6be32e6c0134aaf115df
	at java.base/jdk.internal.reflect.DirectConstructorHandleAccessor.newInstance(DirectConstructorHandleAccessor.java:62)
	at java.base/java.lang.reflect.Constructor.newInstanceWithCaller(Constructor.java:502)
	at java.base/java.lang.reflect.Constructor.newInstance(Constructor.java:486)
	at org.openqa.selenium.remote.codec.w3c.W3CHttpResponseCodec.createException(W3CHttpResponseCodec.java:200)
	at org.openqa.selenium.remote.codec.w3c.W3CHttpResponseCodec.decode(W3CHttpResponseCodec.java:133)
	at org.openqa.selenium.remote.codec.w3c.W3CHttpResponseCodec.decode(W3CHttpResponseCodec.java:52)
	at org.openqa.selenium.remote.HttpCommandExecutor.execute(HttpCommandExecutor.java:191)
	at org.openqa.selenium.remote.service.DriverCommandExecutor.invokeExecute(DriverCommandExecutor.java:200)
	at org.openqa.selenium.remote.service.DriverCommandExecutor.execute(DriverCommandExecutor.java:175)
	at org.openqa.selenium.remote.RemoteWebDriver.execute(RemoteWebDriver.java:607)
	at org.openqa.selenium.remote.RemoteWebElement.execute(RemoteWebElement.java:224)
	at org.openqa.selenium.remote.RemoteWebElement.click(RemoteWebElement.java:77)
	at java.base/jdk.internal.reflect.DirectMethodHandleAccessor.invoke(DirectMethodHandleAccessor.java:103)
	at java.base/java.lang.reflect.Method.invoke(Method.java:580)
	at org.openqa.selenium.support.pagefactory.internal.LocatingElementHandler.invoke(LocatingElementHandler.java:51)
	at jdk.proxy2/jdk.proxy2.$Proxy32.click(Unknown Source)
	at ObjectRepository.CallcenterRegPage.enterSourceOfComplaint(CallcenterRegPage.java:591)
	at CallCenterModule.Test_CallCenterModule.test_verify_date_of_letter(Test_CallCenterModule.java:705)
	at java.base/jdk.internal.reflect.DirectMethodHandleAccessor.invoke(DirectMethodHandleAccessor.java:103)
	at java.base/java.lang.reflect.Method.invoke(Method.java:580)
	at org.testng.internal.invokers.MethodInvocationHelper.invokeMethod(MethodInvocationHelper.java:139)
	at org.testng.internal.invokers.TestInvoker.invokeMethod(TestInvoker.java:664)
	at org.testng.internal.invokers.TestInvoker.invokeTestMethod(TestInvoker.java:227)
	at org.testng.internal.invokers.MethodRunner.runInSequence(MethodRunner.java:50)
	at org.testng.internal.invokers.TestInvoker$MethodInvocationAgent.invoke(TestInvoker.java:957)
	at org.testng.internal.invokers.TestInvoker.invokeTestMethods(TestInvoker.java:200)
	at org.testng.internal.invokers.TestMethodWorker.invokeTestMethods(TestMethodWorker.java:148)
	at org.testng.internal.invokers.TestMethodWorker.run(TestMethodWorker.java:128)
	at java.base/java.util.ArrayList.forEach(ArrayList.java:1596)
	at org.testng.TestRunner.privateRun(TestRunner.java:848)
	at org.testng.TestRunner.run(TestRunner.java:621)
	at org.testng.SuiteRunner.runTest(SuiteRunner.java:443)
	at org.testng.SuiteRunner.runSequentially(SuiteRunner.java:437)
	at org.testng.SuiteRunner.privateRun(SuiteRunner.java:397)
	at org.testng.SuiteRunner.run(SuiteRunner.java:336)
	at org.testng.SuiteRunnerWorker.runSuite(SuiteRunnerWorker.java:52)
	at org.testng.SuiteRunnerWorker.run(SuiteRunnerWorker.java:95)
	at org.testng.TestNG.runSuitesSequentially(TestNG.java:1280)
	at org.testng.TestNG.runSuitesLocally(TestNG.java:1200)
	at org.testng.TestNG.runSuites(TestNG.java:1114)
	at org.testng.TestNG.run(TestNG.java:1082)
	at com.intellij.rt.testng.IDEARemoteTestNG.run(IDEARemoteTestNG.java:65)
	at com.intellij.rt.testng.RemoteTestNGStarter.main(RemoteTestNGStarter.java:105)

2024-06-21T13:07:16,719 [main] INFO  (Test_CallCenterModule.java:790) - Test Passed : Call center user is not able to upload other file formats
