2024-06-21T15:57:30,647 [main] INFO  (Test_CallCenterModule.java:47) - Test Passed : Menu button is visible and clickable on the web page
2024-06-21T15:57:36,247 [main] INFO  (Test_CallCenterModule.java:72) - Test Passed : User is able to open Registration Against Entity By IRDAI Page
2024-06-21T15:57:36,346 [main] INFO  (Test_CallCenterModule.java:91) - Test Passed : Identify By drop down is visible on the web page
2024-06-21T15:57:36,393 [main] INFO  (Test_CallCenterModule.java:101) - Test Passed : Mobile number or Email input field is visible on the page
2024-06-21T15:57:36,440 [main] INFO  (Test_CallCenterModule.java:111) - Test Passed : Search button present on the web page
2024-06-21T15:57:36,519 [main] INFO  (Test_CallCenterModule.java:121) - Test Passed : PinCode checkbox is visible and enabled
2024-06-21T15:57:40,920 [main] INFO  (Test_CallCenterModule.java:141) - Test Passed : Is Complaint Registered radio buttons are clickable
2024-06-21T15:57:42,525 [main] INFO  (Test_CallCenterModule.java:161) - Test Passed : Mobile Number option present and it's label and field is visible
2024-06-21T15:57:42,572 [main] INFO  (Test_CallCenterModule.java:179) - Test Passed : Search button is enabled
2024-06-21T15:57:49,432 [main] INFO  (Test_CallCenterModule.java:200) - Test Passed : Error popUp displayed for invalid mobile number
2024-06-21T15:57:51,852 [main] INFO  (Test_CallCenterModule.java:222) - Test Passed : Error message displayed for empty mobile number
2024-06-21T15:57:56,314 [main] INFO  (Test_CallCenterModule.java:246) - Test Passed : Error message displayed for less than 10 digit mobile number
2024-06-21T15:58:00,727 [main] INFO  (Test_CallCenterModule.java:268) - Test Passed : Existing user details displayed correctly with valid mobile number
2024-06-21T15:58:06,606 [main] INFO  (Test_CallCenterModule.java:292) - Test Passed : Email ID option present and it's label and field is visible
2024-06-21T15:58:10,094 [main] INFO  (Test_CallCenterModule.java:314) - Test Passed : Warning pop up displayed when searching with empty emailID field
2024-06-21T15:58:15,954 [main] INFO  (Test_CallCenterModule.java:335) - Test Passed : Warning popUp displayed for invalid email Id
2024-06-21T15:58:20,479 [main] INFO  (Test_CallCenterModule.java:356) - Test Passed : Existing user details displayed correctly with valid email ID
2024-06-21T15:58:20,687 [main] INFO  (Test_CallCenterModule.java:373) - Test Passed : Pin code field is visible
2024-06-21T15:58:24,167 [main] INFO  (Test_CallCenterModule.java:393) - Test Passed : District and state not populated for invalid pinCode
2024-06-21T15:58:27,851 [main] INFO  (Test_CallCenterModule.java:413) - Test Passed : District and state auto populated for valid pinCode
2024-06-21T15:58:28,135 [main] INFO  (Test_CallCenterModule.java:429) - Test Passed : Call center user is able to interact with complaint against dropdown
2024-06-21T15:58:30,757 [main] INFO  (Test_CallCenterModule.java:446) - Test Passed : Required fields are displayed for complaint against insurance company
2024-06-21T15:58:33,263 [main] INFO  (Test_CallCenterModule.java:465) - Test Passed : Expected error message displayed for select option in complaint against dropdown
2024-06-21T15:58:41,392 [main] INFO  (Test_CallCenterModule.java:485) - Test Passed : Only Required fields are visible for complaint against unregistered entity without involvement of insurance company
2024-06-21T15:58:48,520 [main] INFO  (Test_CallCenterModule.java:506) - Test Passed : Required fields are visible for complaint against unregistered entity with involvement of insurance company
2024-06-21T15:58:53,403 [main] INFO  (Test_CallCenterModule.java:525) - Test Passed : Required fields are visible for complaint against insurance intermediary
2024-06-21T15:58:55,855 [main] INFO  (Test_CallCenterModule.java:544) - Test Passed : Broker dropdown list and it's license number field is visible
2024-06-21T15:58:58,540 [main] INFO  (Test_CallCenterModule.java:554) - Test Passed : Broker license number populated correctly
2024-06-21T15:58:58,713 [main] INFO  (Test_CallCenterModule.java:573) - Test Passed : All identifier type radio buttons are enabled
2024-06-21T15:58:59,292 [main] INFO  (Test_CallCenterModule.java:593) - Test Passed : Error message displayed for empty policy/proposal/certificate/claim number field
2024-06-21T15:59:04,113 [main] INFO  (Test_CallCenterModule.java:638) - Test Passed : Error message displayed for empty complaint details field
2024-06-21T15:59:05,797 [main] INFO  (Test_CallCenterModule.java:658) - Test Passed : Error message displayed for special characters entered in complaint details field
2024-06-21T15:59:07,596 [main] INFO  (Test_CallCenterModule.java:699) - Test Passed : Error message displayed when source of complaint not selected
2024-06-21T15:59:16,228 [main] INFO  (Test_CallCenterModule.java:719) - Test Passed : Error message displayed when date of letter not selected
2024-06-21T15:59:17,298 [main] INFO  (Test_CallCenterModule.java:738) - Test Passed : Error message displayed for invalid date format
2024-06-21T15:59:18,868 [main] INFO  (Test_CallCenterModule.java:758) - Test Passed : Error message displayed when date of receipt of complaint not selected
2024-06-21T15:59:20,048 [main] INFO  (Test_CallCenterModule.java:777) - Test Passed : Error message displayed for date of receipt of complaint with invalid date format
2024-06-21T15:59:23,861 [main] INFO  (Test_CallCenterModule.java:800) - Test Passed : Call center user is not able to upload other file formats
2024-06-21T15:59:26,260 [main] INFO  (Test_CallCenterModule.java:822) - Test Passed : Call center user is not able to upload more than 10mb size file
2024-06-21T15:59:29,230 [main] INFO  (Test_CallCenterModule.java:843) - Test Passed : Error message displayed for special characters entered in priority handling details field
2024-06-21T15:59:29,900 [main] INFO  (Test_CallCenterModule.java:883) - Test Passed : Error message displayed for special characters entered in remarks field
2024-06-21T15:59:40,444 [main] INFO  (Test_CallCenterModule.java:929) - Test Passed : Back button functionality is working by dismissing alert pop up
2024-06-21T15:59:50,329 [main] INFO  (Test_CallCenterModule.java:952) - Test Passed : Back button functionality is working by accepting alert pop up
2024-06-21T15:59:56,858 [main] ERROR (Test_CallCenterModule.java:978) - Test Failed : LogOff functionality not working as expected!
2024-06-21T15:59:58,352 [main] INFO  (Test_CallCenterModule.java:993) - Test Passed : Call center user is able to logOff successfully
