2024-05-03T17:41:40,320 [main] ERROR (Test_TrackingComplaint.java:27) - Mobile number field accepting alphabet and special characters
2024-05-03T17:41:42,614 [main] INFO  (Test_TrackingComplaint.java:51) - With unregistered mobile number not able to track complaint
2024-05-03T17:41:49,234 [main] INFO  (Test_TrackingComplaint.java:67) - With registered mobile number able to track complaint
2024-05-03T17:41:49,384 [main] INFO  (Test_TrackingComplaint.java:83) - After entering one digit of OTP next digit OTP field is appearing
2024-05-03T17:42:23,040 [main] INFO  (Test_TrackingComplaint.java:104) - After entering invalid OTP next page is not appearing
2024-05-03T17:43:23,129 [main] INFO  (Test_TrackingComplaint.java:117) - After waiting for 60 seconds resend button is visible
2024-05-03T17:44:29,265 [main] INFO  (Test_TrackingComplaint.java:135) - After clicking resend bttton and waiting for 60 seconds resend button again visible
2024-05-03T17:45:07,905 [main] INFO  (Test_TrackingComplaint.java:157) - After entering special character as OTP next page is not appearing
2024-05-03T17:45:11,735 [main] INFO  (Test_TrackingComplaint.java:171) - after entering OTP arrow field is visible
2024-05-03T17:45:20,202 [main] INFO  (Test_TrackingComplaint.java:188) - After entering valid OTP next page is appearing
2024-05-03T17:45:20,261 [main] INFO  (Test_TrackingComplaint.java:203) - Export button is visible
2024-05-03T17:45:20,322 [main] INFO  (Test_TrackingComplaint.java:218) - all the fields visible on table.
2024-05-03T17:45:26,672 [main] INFO  (Test_TrackingComplaint.java:236) - After clicking on menu button,  complaints dropdown visible
2024-05-03T17:46:13,014 [main] ERROR (MainClass.java:87) - java.lang.NullPointerException: Cannot invoke "String.equals(Object)" because "Msg" is null
	at TrackingComplaintModule.Test_TrackingComplaint.test_trckng_new_complaint_chk(Test_TrackingComplaint.java:272)
	at java.base/jdk.internal.reflect.DirectMethodHandleAccessor.invoke(DirectMethodHandleAccessor.java:103)
	at java.base/java.lang.reflect.Method.invoke(Method.java:580)
	at org.testng.internal.invokers.MethodInvocationHelper.invokeMethod(MethodInvocationHelper.java:139)
	at org.testng.internal.invokers.TestInvoker.invokeMethod(TestInvoker.java:664)
	at org.testng.internal.invokers.TestInvoker.invokeTestMethod(TestInvoker.java:227)
	at org.testng.internal.invokers.MethodRunner.runInSequence(MethodRunner.java:50)
	at org.testng.internal.invokers.TestInvoker$MethodInvocationAgent.invoke(TestInvoker.java:957)
	at org.testng.internal.invokers.TestInvoker.invokeTestMethods(TestInvoker.java:200)
	at org.testng.internal.invokers.TestMethodWorker.invokeTestMethods(TestMethodWorker.java:148)
	at org.testng.internal.invokers.TestMethodWorker.run(TestMethodWorker.java:128)
	at java.base/java.util.ArrayList.forEach(ArrayList.java:1596)
	at org.testng.TestRunner.privateRun(TestRunner.java:848)
	at org.testng.TestRunner.run(TestRunner.java:621)
	at org.testng.SuiteRunner.runTest(SuiteRunner.java:443)
	at org.testng.SuiteRunner.runSequentially(SuiteRunner.java:437)
	at org.testng.SuiteRunner.privateRun(SuiteRunner.java:397)
	at org.testng.SuiteRunner.run(SuiteRunner.java:336)
	at org.testng.SuiteRunnerWorker.runSuite(SuiteRunnerWorker.java:52)
	at org.testng.SuiteRunnerWorker.run(SuiteRunnerWorker.java:95)
	at org.testng.TestNG.runSuitesSequentially(TestNG.java:1280)
	at org.testng.TestNG.runSuitesLocally(TestNG.java:1200)
	at org.testng.TestNG.runSuites(TestNG.java:1114)
	at org.testng.TestNG.run(TestNG.java:1082)
	at com.intellij.rt.testng.IDEARemoteTestNG.run(IDEARemoteTestNG.java:65)
	at com.intellij.rt.testng.RemoteTestNGStarter.main(RemoteTestNGStarter.java:105)

2024-05-03T17:46:14,221 [main] INFO  (Test_TrackingComplaint.java:304) - user able to handle show entries dropdown
2024-05-03T17:46:26,865 [main] INFO  (Test_TrackingComplaint.java:322) - View edit page is visible to user
2024-05-03T17:46:30,050 [main] INFO  (Test_TrackingComplaint.java:340) - Uploaded document on Check Uploaded Attachment is visible
2024-05-03T17:46:36,574 [main] INFO  (Test_TrackingComplaint.java:363) - With special characters complaint description not updating
2024-05-03T17:46:44,738 [main] INFO  (Test_TrackingComplaint.java:382) - user can edit information on Complaint Details field and update the same.
2024-05-03T17:46:56,119 [main] INFO  (Test_TrackingComplaint.java:400) - After click on back button on PHViewEditComplaint page user able to back on previous page
