2024-06-21T15:03:21,594 [main] INFO  (Test_CallCenterModule.java:47) - Test Passed : Menu button is visible and clickable on the web page
2024-06-21T15:03:27,006 [main] INFO  (Test_CallCenterModule.java:72) - Test Passed : User is able to open Registration Against Entity By IRDAI Page
2024-06-21T15:03:27,105 [main] INFO  (Test_CallCenterModule.java:91) - Test Passed : Identify By drop down is visible on the web page
2024-06-21T15:03:27,161 [main] INFO  (Test_CallCenterModule.java:101) - Test Passed : Mobile number or Email input field is visible on the page
2024-06-21T15:03:27,205 [main] INFO  (Test_CallCenterModule.java:111) - Test Passed : Search button present on the web page
2024-06-21T15:03:27,236 [main] INFO  (Test_CallCenterModule.java:121) - Test Passed : PinCode checkbox is visible and enabled
2024-06-21T15:03:31,598 [main] INFO  (Test_CallCenterModule.java:141) - Test Passed : Is Complaint Registered radio buttons are clickable
2024-06-21T15:03:33,038 [main] INFO  (Test_CallCenterModule.java:161) - Test Passed : Mobile Number option present and it's label and field is visible
2024-06-21T15:03:33,070 [main] INFO  (Test_CallCenterModule.java:179) - Test Passed : Search button is enabled
2024-06-21T15:03:39,509 [main] INFO  (Test_CallCenterModule.java:200) - Test Passed : Error popUp displayed for invalid mobile number
2024-06-21T15:03:41,870 [main] INFO  (Test_CallCenterModule.java:222) - Test Passed : Error message displayed for empty mobile number
2024-06-21T15:03:46,233 [main] INFO  (Test_CallCenterModule.java:246) - Test Passed : Error message displayed for less than 10 digit mobile number
2024-06-21T15:03:50,601 [main] INFO  (Test_CallCenterModule.java:268) - Test Passed : Existing user details displayed correctly with valid mobile number
2024-06-21T15:03:56,191 [main] INFO  (Test_CallCenterModule.java:292) - Test Passed : Email ID option present and it's label and field is visible
2024-06-21T15:03:59,478 [main] INFO  (Test_CallCenterModule.java:314) - Test Passed : Warning pop up displayed when searching with empty emailID field
2024-06-21T15:04:04,998 [main] INFO  (Test_CallCenterModule.java:335) - Test Passed : Warning popUp displayed for invalid email Id
2024-06-21T15:04:09,502 [main] INFO  (Test_CallCenterModule.java:356) - Test Passed : Existing user details displayed correctly with valid email ID
2024-06-21T15:04:09,730 [main] INFO  (Test_CallCenterModule.java:373) - Test Passed : Pin code field is visible
2024-06-21T15:04:13,120 [main] INFO  (Test_CallCenterModule.java:393) - Test Passed : District and state not populated for invalid pinCode
2024-06-21T15:04:16,656 [main] INFO  (Test_CallCenterModule.java:413) - Test Passed : District and state auto populated for valid pinCode
2024-06-21T15:04:16,847 [main] INFO  (Test_CallCenterModule.java:429) - Test Passed : Call center user is able to interact with complaint against dropdown
2024-06-21T15:04:19,324 [main] INFO  (Test_CallCenterModule.java:446) - Test Passed : Required fields are displayed for complaint against insurance company
2024-06-21T15:04:21,782 [main] INFO  (Test_CallCenterModule.java:465) - Test Passed : Expected error message displayed for select option in complaint against dropdown
2024-06-21T15:04:29,777 [main] INFO  (Test_CallCenterModule.java:485) - Test Passed : Only Required fields are visible for complaint against unregistered entity without involvement of insurance company
2024-06-21T15:04:36,691 [main] INFO  (Test_CallCenterModule.java:506) - Test Passed : Required fields are visible for complaint against unregistered entity with involvement of insurance company
2024-06-21T15:04:41,279 [main] INFO  (Test_CallCenterModule.java:525) - Test Passed : Required fields are visible for complaint against insurance intermediary
2024-06-21T15:04:43,631 [main] INFO  (Test_CallCenterModule.java:544) - Test Passed : Broker dropdown list and it's license number field is visible
2024-06-21T15:04:46,069 [main] INFO  (Test_CallCenterModule.java:554) - Test Passed : Broker license number populated correctly
2024-06-21T15:04:46,194 [main] INFO  (Test_CallCenterModule.java:573) - Test Passed : All identifier type radio buttons are enabled
2024-06-21T15:04:46,514 [main] INFO  (Test_CallCenterModule.java:593) - Test Passed : Error message displayed for empty policy/proposal/certificate/claim number field
2024-06-21T15:04:51,237 [main] INFO  (Test_CallCenterModule.java:638) - Test Passed : Error message displayed for empty complaint details field
2024-06-21T15:04:52,848 [main] INFO  (Test_CallCenterModule.java:658) - Test Passed : Error message displayed for special characters entered in complaint details field
2024-06-21T15:04:55,474 [main] INFO  (Test_CallCenterModule.java:699) - Test Passed : Error message displayed when source of complaint not selected
2024-06-21T15:05:04,059 [main] INFO  (Test_CallCenterModule.java:719) - Test Passed : Error message displayed when date of letter not selected
2024-06-21T15:05:05,240 [main] INFO  (Test_CallCenterModule.java:738) - Test Passed : Error message displayed for invalid date format
2024-06-21T15:05:06,886 [main] INFO  (Test_CallCenterModule.java:758) - Test Passed : Error message displayed when date of receipt of complaint not selected
2024-06-21T15:05:08,023 [main] INFO  (Test_CallCenterModule.java:777) - Test Passed : Error message displayed for date of receipt of complaint with invalid date format
2024-06-21T15:05:11,772 [main] INFO  (Test_CallCenterModule.java:800) - Test Passed : Call center user is not able to upload other file formats
2024-06-21T15:05:14,228 [main] INFO  (Test_CallCenterModule.java:822) - Test Passed : Call center user is not able to upload more than 10mb size file
2024-06-21T15:05:17,455 [main] INFO  (Test_CallCenterModule.java:843) - Test Passed : Error message displayed for special characters entered in priority handling details field
2024-06-21T15:05:19,199 [main] INFO  (Test_CallCenterModule.java:883) - Test Passed : Error message displayed for special characters entered in remarks field
2024-06-21T15:05:29,702 [main] INFO  (Test_CallCenterModule.java:929) - Test Passed : Back button functionality is working by dismissing alert pop up
2024-06-21T15:05:41,207 [main] INFO  (Test_CallCenterModule.java:952) - Test Passed : Back button functionality is working by accepting alert pop up
