2024-06-20T19:32:04,335 [main] INFO  (Test_CallCenterModule.java:47) - Test Passed : Menu button is visible and clickable on the web page
2024-06-20T19:32:10,085 [main] INFO  (Test_CallCenterModule.java:72) - Test Passed : User is able to open Registration Against Entity By IRDAI Page
2024-06-20T19:32:10,171 [main] INFO  (Test_CallCenterModule.java:91) - Test Passed : Identify By drop down is visible on the web page
2024-06-20T19:32:10,236 [main] INFO  (Test_CallCenterModule.java:101) - Test Passed : Mobile number or Email input field is visible on the page
2024-06-20T19:32:10,285 [main] INFO  (Test_CallCenterModule.java:111) - Test Passed : Search button present on the web page
2024-06-20T19:32:10,377 [main] INFO  (Test_CallCenterModule.java:121) - Test Passed : PinCode checkbox is visible and enabled
2024-06-20T19:32:14,771 [main] INFO  (Test_CallCenterModule.java:141) - Test Passed : Is Complaint Registered radio buttons are clickable
2024-06-20T19:32:16,202 [main] INFO  (Test_CallCenterModule.java:161) - Test Passed : Mobile Number option present and it's label and field is visible
2024-06-20T19:32:16,246 [main] INFO  (Test_CallCenterModule.java:179) - Test Passed : Search button is enabled
2024-06-20T19:32:22,658 [main] INFO  (Test_CallCenterModule.java:200) - Test Passed : Error popUp displayed for invalid mobile number
2024-06-20T19:32:24,996 [main] INFO  (Test_CallCenterModule.java:222) - Test Passed : Error message displayed for empty mobile number
2024-06-20T19:32:29,365 [main] INFO  (Test_CallCenterModule.java:246) - Test Passed : Error message displayed for less than 10 digit mobile number
2024-06-20T19:32:33,715 [main] INFO  (Test_CallCenterModule.java:268) - Test Passed : Existing user details displayed correctly with valid mobile number
2024-06-20T19:32:40,405 [main] INFO  (Test_CallCenterModule.java:292) - Test Passed : Email ID option present and it's label and field is visible
2024-06-20T19:32:43,676 [main] INFO  (Test_CallCenterModule.java:314) - Test Passed : Warning pop up displayed when searching with empty emailID field
2024-06-20T19:32:49,176 [main] INFO  (Test_CallCenterModule.java:335) - Test Passed : Warning popUp displayed for invalid email Id
2024-06-20T19:32:53,676 [main] INFO  (Test_CallCenterModule.java:356) - Test Passed : Existing user details displayed correctly with valid email ID
2024-06-20T19:32:53,870 [main] INFO  (Test_CallCenterModule.java:373) - Test Passed : Pin code field is visible
2024-06-20T19:32:57,275 [main] INFO  (Test_CallCenterModule.java:393) - Test Passed : District and state not populated for invalid pinCode
2024-06-20T19:33:00,656 [main] INFO  (Test_CallCenterModule.java:413) - Test Passed : District and state auto populated for valid pinCode
2024-06-20T19:33:00,862 [main] INFO  (Test_CallCenterModule.java:429) - Test Passed : Call center user is able to interact with complaint against dropdown
2024-06-20T19:33:03,282 [main] INFO  (Test_CallCenterModule.java:446) - Test Passed : Required fields are displayed for complaint against insurance company
2024-06-20T19:33:05,585 [main] INFO  (Test_CallCenterModule.java:465) - Test Passed : Expected error message displayed for select option in complaint against dropdown
2024-06-20T19:33:13,352 [main] INFO  (Test_CallCenterModule.java:485) - Test Passed : Only Required fields are visible for complaint against unregistered entity without involvement of insurance company
2024-06-20T19:33:20,035 [main] INFO  (Test_CallCenterModule.java:506) - Test Passed : Required fields are visible for complaint against unregistered entity with involvement of insurance company
2024-06-20T19:33:24,458 [main] INFO  (Test_CallCenterModule.java:525) - Test Passed : Required fields are visible for complaint against insurance intermediary
2024-06-20T19:33:26,755 [main] INFO  (Test_CallCenterModule.java:544) - Test Passed : Broker dropdown list and it's license number field is visible
2024-06-20T19:33:29,976 [main] INFO  (Test_CallCenterModule.java:554) - Test Passed : Broker license number populated correctly
2024-06-20T19:33:30,135 [main] INFO  (Test_CallCenterModule.java:573) - Test Passed : All identifier type radio buttons are enabled
2024-06-20T19:33:30,595 [main] INFO  (Test_CallCenterModule.java:593) - Test Passed : Error message displayed for empty policy/proposal/certificate/claim number field
2024-06-20T19:33:35,078 [main] INFO  (Test_CallCenterModule.java:629) - Test Passed : Error message displayed for empty complaint details field
2024-06-20T19:33:36,543 [main] INFO  (Test_CallCenterModule.java:649) - Test Passed : Error message displayed for special characters entered in complaint details field
2024-06-20T19:33:38,077 [main] INFO  (Test_CallCenterModule.java:690) - Test Passed : Error message displayed when source of complaint not selected
2024-06-20T19:33:46,507 [main] INFO  (Test_CallCenterModule.java:710) - Test Passed : Error message displayed when date of letter not selected
2024-06-20T19:33:47,409 [main] INFO  (Test_CallCenterModule.java:729) - Test Passed : Error message displayed for invalid date format
2024-06-20T19:33:56,022 [main] INFO  (Test_CallCenterModule.java:749) - Test Passed : Error message displayed when date of receipt of complaint not selected
2024-06-20T19:33:56,987 [main] INFO  (Test_CallCenterModule.java:768) - Test Passed : Error message displayed for date of receipt of complaint with invalid date format
