2024-05-06T13:47:48,980 [main] INFO  (Test_URLCaseSensitive_Negative.java:27) - Test Passed : URL is redirecting to the correct page
2024-05-06T13:48:17,654 [main] INFO  (Test_ComplaintRegistrationModule.java:27) - Home Page URL is as expected
2024-05-06T13:48:17,754 [main] INFO  (Test_ComplaintRegistrationModule.java:44) - Register Complaint button is visible
2024-05-06T13:48:17,804 [main] INFO  (Test_ComplaintRegistrationModule.java:54) - Register Complaint button is clickable
2024-05-06T13:48:21,741 [main] INFO  (Test_ComplaintRegistrationModule.java:78) - Registration page URL is correct
2024-05-06T13:48:21,757 [main] INFO  (Test_ComplaintRegistrationModule.java:99) - Registration page title is correct
2024-05-06T13:48:27,123 [main] INFO  (Test_ComplaintRegistrationModule.java:123) - Mobile field validation without entering any number passed!
2024-05-06T13:48:30,391 [main] INFO  (Test_ComplaintRegistrationModule.java:148) - Mobile field validation with invalid any number passed!
2024-05-06T13:48:33,764 [main] INFO  (Test_ComplaintRegistrationModule.java:175) - Mobile number length is valid.
2024-05-06T13:48:40,843 [main] INFO  (Test_ComplaintRegistrationModule.java:209) - Mobile number entered successfully
2024-05-06T13:48:49,888 [main] INFO  (Test_ComplaintRegistrationModule.java:233) - Initial_Display, Validate button is displayed
2024-05-06T13:48:53,044 [main] INFO  (Test_ComplaintRegistrationModule.java:254) - Error message displayed for empty OTP
2024-05-06T13:49:05,862 [main] INFO  (Test_ComplaintRegistrationModule.java:277) - Alphabetic characters is not considered as OTP
2024-05-06T13:49:18,522 [main] INFO  (Test_ComplaintRegistrationModule.java:301) - Special characters are not considered as OTP
2024-05-06T13:49:31,292 [main] INFO  (Test_ComplaintRegistrationModule.java:324) - Invalid OTP not considered
2024-05-06T13:49:47,484 [main] INFO  (Test_ComplaintRegistrationModule.java:346) - Resend OTP button is visible after 60s
2024-05-06T13:49:50,639 [main] INFO  (Test_ComplaintRegistrationModule.java:367) - Resend OTP button is enabled
2024-05-06T13:49:57,458 [main] INFO  (Test_ComplaintRegistrationModule.java:388) - Valid OTP validation successful!
2024-05-06T13:50:06,858 [main] INFO  (Test_ComplaintRegistrationModule.java:416) - Error message displayed for empty pin code field.
2024-05-06T13:50:07,203 [main] INFO  (Test_ComplaintRegistrationModule.java:442) - Error message displayed for invalid PIN code.
2024-05-06T13:50:08,510 [main] INFO  (Test_ComplaintRegistrationModule.java:465) - Pin code length is correct
2024-05-06T13:50:09,925 [main] INFO  (Test_ComplaintRegistrationModule.java:485) - District populated based on valid pinCode
2024-05-06T13:50:09,979 [main] INFO  (Test_ComplaintRegistrationModule.java:494) - State populated based on valid pinCode
2024-05-06T13:51:29,221 [main] INFO  (Test_ComplaintRegistration_InsCompany.java:61) - Complaint Registered Against Insurance company Successfully.
2024-05-06T13:52:20,533 [main] INFO  (Test_ComplaintRegistration_InsCompany.java:74) - Complaint not registering with duplicate policy number and complaint description
