2024-06-20T18:00:37,222 [main] INFO  (Test_CallCenterModule.java:46) - Test Passed : Menu button is visible and clickable on the web page
2024-06-20T18:00:42,295 [main] INFO  (Test_CallCenterModule.java:71) - Test Passed : User is able to open Registration Against Entity By IRDAI Page
2024-06-20T18:00:42,372 [main] INFO  (Test_CallCenterModule.java:90) - Test Passed : Identify By drop down is visible on the web page
2024-06-20T18:00:42,409 [main] INFO  (Test_CallCenterModule.java:100) - Test Passed : Mobile number or Email input field is visible on the page
2024-06-20T18:00:42,442 [main] INFO  (Test_CallCenterModule.java:110) - Test Passed : Search button present on the web page
2024-06-20T18:00:42,481 [main] INFO  (Test_CallCenterModule.java:120) - Test Passed : PinCode checkbox is visible and enabled
2024-06-20T18:00:46,731 [main] INFO  (Test_CallCenterModule.java:140) - Test Passed : Is Complaint Registered radio buttons are clickable
2024-06-20T18:00:48,065 [main] INFO  (Test_CallCenterModule.java:160) - Test Passed : Mobile Number option present and it's label and field is visible
2024-06-20T18:00:48,107 [main] INFO  (Test_CallCenterModule.java:178) - Test Passed : Search button is enabled
2024-06-20T18:00:52,463 [main] INFO  (Test_CallCenterModule.java:267) - Test Passed : Existing user details displayed correctly with valid mobile number
2024-06-20T18:00:52,708 [main] INFO  (Test_CallCenterModule.java:372) - Test Passed : Pin code field is visible
2024-06-20T18:00:56,271 [main] INFO  (Test_CallCenterModule.java:412) - Test Passed : District and state auto populated for valid pinCode
2024-06-20T18:00:56,488 [main] INFO  (Test_CallCenterModule.java:428) - Test Passed : Call center user is able to interact with complaint against dropdown
2024-06-20T18:00:58,960 [main] INFO  (Test_CallCenterModule.java:445) - Test Passed : Required fields are displayed for complaint against insurance company
2024-06-20T18:00:59,115 [main] INFO  (Test_CallCenterModule.java:572) - Test Passed : All identifier type radio buttons are enabled
2024-06-20T18:00:59,528 [main] INFO  (Test_CallCenterModule.java:592) - Test Passed : Error message displayed for empty policy/proposal/certificate/claim number field
2024-06-20T18:01:04,201 [main] INFO  (Test_CallCenterModule.java:628) - Test Passed : Error message displayed for empty complaint details field
2024-06-20T18:01:05,729 [main] INFO  (Test_CallCenterModule.java:648) - Test Passed : Error message displayed for special characters entered in complaint details field
2024-06-20T18:01:07,430 [main] INFO  (Test_CallCenterModule.java:689) - Test Passed : Error message displayed when source of complaint not selected
2024-06-20T18:01:16,048 [main] INFO  (Test_CallCenterModule.java:709) - Test Passed : Error message displayed when date of letter not selected
2024-06-20T18:01:17,145 [main] INFO  (Test_CallCenterModule.java:728) - Test Passed : Error message displayed for invalid date format
