2024-06-21T14:50:24,916 [main] INFO  (Test_CallCenterModule.java:47) - Test Passed : Menu button is visible and clickable on the web page
2024-06-21T14:50:30,403 [main] INFO  (Test_CallCenterModule.java:72) - Test Passed : User is able to open Registration Against Entity By IRDAI Page
2024-06-21T14:50:30,501 [main] INFO  (Test_CallCenterModule.java:91) - Test Passed : Identify By drop down is visible on the web page
2024-06-21T14:50:30,550 [main] INFO  (Test_CallCenterModule.java:101) - Test Passed : Mobile number or Email input field is visible on the page
2024-06-21T14:50:30,607 [main] INFO  (Test_CallCenterModule.java:111) - Test Passed : Search button present on the web page
2024-06-21T14:50:31,795 [main] INFO  (Test_CallCenterModule.java:121) - Test Passed : PinCode checkbox is visible and enabled
2024-06-21T14:50:36,308 [main] INFO  (Test_CallCenterModule.java:141) - Test Passed : Is Complaint Registered radio buttons are clickable
2024-06-21T14:50:37,738 [main] INFO  (Test_CallCenterModule.java:161) - Test Passed : Mobile Number option present and it's label and field is visible
2024-06-21T14:50:37,779 [main] INFO  (Test_CallCenterModule.java:179) - Test Passed : Search button is enabled
2024-06-21T14:50:44,420 [main] INFO  (Test_CallCenterModule.java:200) - Test Passed : Error popUp displayed for invalid mobile number
2024-06-21T14:50:46,759 [main] INFO  (Test_CallCenterModule.java:222) - Test Passed : Error message displayed for empty mobile number
2024-06-21T14:50:51,181 [main] INFO  (Test_CallCenterModule.java:246) - Test Passed : Error message displayed for less than 10 digit mobile number
2024-06-21T14:50:55,864 [main] INFO  (Test_CallCenterModule.java:268) - Test Passed : Existing user details displayed correctly with valid mobile number
2024-06-21T14:51:01,715 [main] INFO  (Test_CallCenterModule.java:292) - Test Passed : Email ID option present and it's label and field is visible
2024-06-21T14:51:05,148 [main] INFO  (Test_CallCenterModule.java:314) - Test Passed : Warning pop up displayed when searching with empty emailID field
2024-06-21T14:51:11,174 [main] INFO  (Test_CallCenterModule.java:335) - Test Passed : Warning popUp displayed for invalid email Id
2024-06-21T14:51:16,091 [main] INFO  (Test_CallCenterModule.java:356) - Test Passed : Existing user details displayed correctly with valid email ID
2024-06-21T14:51:16,367 [main] INFO  (Test_CallCenterModule.java:373) - Test Passed : Pin code field is visible
2024-06-21T14:51:19,939 [main] INFO  (Test_CallCenterModule.java:393) - Test Passed : District and state not populated for invalid pinCode
2024-06-21T14:51:23,586 [main] INFO  (Test_CallCenterModule.java:413) - Test Passed : District and state auto populated for valid pinCode
2024-06-21T14:51:23,849 [main] INFO  (Test_CallCenterModule.java:429) - Test Passed : Call center user is able to interact with complaint against dropdown
2024-06-21T14:51:26,351 [main] INFO  (Test_CallCenterModule.java:446) - Test Passed : Required fields are displayed for complaint against insurance company
2024-06-21T14:51:28,901 [main] INFO  (Test_CallCenterModule.java:465) - Test Passed : Expected error message displayed for select option in complaint against dropdown
2024-06-21T14:51:37,014 [main] INFO  (Test_CallCenterModule.java:485) - Test Passed : Only Required fields are visible for complaint against unregistered entity without involvement of insurance company
2024-06-21T14:51:44,117 [main] INFO  (Test_CallCenterModule.java:506) - Test Passed : Required fields are visible for complaint against unregistered entity with involvement of insurance company
2024-06-21T14:51:48,739 [main] INFO  (Test_CallCenterModule.java:525) - Test Passed : Required fields are visible for complaint against insurance intermediary
2024-06-21T14:51:51,292 [main] INFO  (Test_CallCenterModule.java:544) - Test Passed : Broker dropdown list and it's license number field is visible
2024-06-21T14:51:53,874 [main] INFO  (Test_CallCenterModule.java:554) - Test Passed : Broker license number populated correctly
2024-06-21T14:51:54,065 [main] INFO  (Test_CallCenterModule.java:573) - Test Passed : All identifier type radio buttons are enabled
2024-06-21T14:51:54,483 [main] INFO  (Test_CallCenterModule.java:593) - Test Passed : Error message displayed for empty policy/proposal/certificate/claim number field
2024-06-21T14:51:59,313 [main] INFO  (Test_CallCenterModule.java:638) - Test Passed : Error message displayed for empty complaint details field
2024-06-21T14:52:01,045 [main] INFO  (Test_CallCenterModule.java:658) - Test Passed : Error message displayed for special characters entered in complaint details field
2024-06-21T14:52:03,899 [main] INFO  (Test_CallCenterModule.java:699) - Test Passed : Error message displayed when source of complaint not selected
2024-06-21T14:52:12,570 [main] INFO  (Test_CallCenterModule.java:719) - Test Passed : Error message displayed when date of letter not selected
2024-06-21T14:52:13,601 [main] INFO  (Test_CallCenterModule.java:738) - Test Passed : Error message displayed for invalid date format
2024-06-21T14:52:15,272 [main] INFO  (Test_CallCenterModule.java:758) - Test Passed : Error message displayed when date of receipt of complaint not selected
2024-06-21T14:52:16,165 [main] INFO  (Test_CallCenterModule.java:777) - Test Passed : Error message displayed for date of receipt of complaint with invalid date format
2024-06-21T14:52:18,658 [main] INFO  (Test_CallCenterModule.java:799) - Test Passed : Call center user is not able to upload other file formats
2024-06-21T14:52:21,062 [main] INFO  (Test_CallCenterModule.java:821) - Test Passed : Call center user is not able to upload more than 10mb size file
2024-06-21T14:52:26,047 [main] INFO  (Test_CallCenterModule.java:842) - Test Passed : Error message displayed for special characters entered in priority handling details field
2024-06-21T14:52:26,963 [main] INFO  (Test_CallCenterModule.java:882) - Test Passed : Error message displayed for special characters entered in remarks field
2024-06-21T14:52:42,028 [main] INFO  (Test_CallCenterModule.java:904) - Test Passed : Alert pop up displayed when reaching maximum limit
2024-06-21T14:52:45,095 [main] ERROR (MainClass.java:118) - org.openqa.selenium.UnhandledAlertException: unexpected alert open: {Alert text : You have reached your maximum limit of characters allowed}
  (Session info: chrome=126.0.6478.115): You have reached your maximum limit of characters allowed
Build info: version: '4.15.0', revision: '1d14b5521b'
System info: os.name: 'Windows 11', os.arch: 'amd64', os.version: '10.0', java.version: '21.0.2'
Driver info: org.openqa.selenium.chrome.ChromeDriver
Command: [1a60de80f036f7508a323734ffe63b8a, executeScript {script=window.scrollBy(0,400), args=[]}]
Capabilities {acceptInsecureCerts: false, browserName: chrome, browserVersion: 126.0.6478.115, chrome: {chromedriverVersion: 126.0.6478.63 (df799988fdc9..., userDataDir: C:\Users\ABHISH~1\AppData\L...}, fedcm:accounts: true, goog:chromeOptions: {debuggerAddress: localhost:53533}, networkConnectionEnabled: false, pageLoadStrategy: normal, platformName: windows, proxy: Proxy(), se:cdp: ws://localhost:53533/devtoo..., se:cdpVersion: 126.0.6478.115, setWindowRect: true, strictFileInteractability: false, timeouts: {implicit: 0, pageLoad: 300000, script: 30000}, unhandledPromptBehavior: dismiss and notify, webauthn:extension:credBlob: true, webauthn:extension:largeBlob: true, webauthn:extension:minPinLength: true, webauthn:extension:prf: true, webauthn:virtualAuthenticators: true}
Session ID: 1a60de80f036f7508a323734ffe63b8a
	at org.openqa.selenium.remote.codec.w3c.W3CHttpResponseCodec.decode(W3CHttpResponseCodec.java:131)
	at org.openqa.selenium.remote.codec.w3c.W3CHttpResponseCodec.decode(W3CHttpResponseCodec.java:52)
	at org.openqa.selenium.remote.HttpCommandExecutor.execute(HttpCommandExecutor.java:191)
	at org.openqa.selenium.remote.service.DriverCommandExecutor.invokeExecute(DriverCommandExecutor.java:200)
	at org.openqa.selenium.remote.service.DriverCommandExecutor.execute(DriverCommandExecutor.java:175)
	at org.openqa.selenium.remote.RemoteWebDriver.execute(RemoteWebDriver.java:607)
	at org.openqa.selenium.remote.RemoteWebDriver.executeScript(RemoteWebDriver.java:472)
	at Base.MainClass.scrollToComplaint(MainClass.java:98)
	at CallCenterModule.Test_CallCenterModule.test_dismiss_back_button_functionality(Test_CallCenterModule.java:919)
	at java.base/jdk.internal.reflect.DirectMethodHandleAccessor.invoke(DirectMethodHandleAccessor.java:103)
	at java.base/java.lang.reflect.Method.invoke(Method.java:580)
	at org.testng.internal.invokers.MethodInvocationHelper.invokeMethod(MethodInvocationHelper.java:139)
	at org.testng.internal.invokers.TestInvoker.invokeMethod(TestInvoker.java:664)
	at org.testng.internal.invokers.TestInvoker.invokeTestMethod(TestInvoker.java:227)
	at org.testng.internal.invokers.MethodRunner.runInSequence(MethodRunner.java:50)
	at org.testng.internal.invokers.TestInvoker$MethodInvocationAgent.invoke(TestInvoker.java:957)
	at org.testng.internal.invokers.TestInvoker.invokeTestMethods(TestInvoker.java:200)
	at org.testng.internal.invokers.TestMethodWorker.invokeTestMethods(TestMethodWorker.java:148)
	at org.testng.internal.invokers.TestMethodWorker.run(TestMethodWorker.java:128)
	at java.base/java.util.ArrayList.forEach(ArrayList.java:1596)
	at org.testng.TestRunner.privateRun(TestRunner.java:848)
	at org.testng.TestRunner.run(TestRunner.java:621)
	at org.testng.SuiteRunner.runTest(SuiteRunner.java:443)
	at org.testng.SuiteRunner.runSequentially(SuiteRunner.java:437)
	at org.testng.SuiteRunner.privateRun(SuiteRunner.java:397)
	at org.testng.SuiteRunner.run(SuiteRunner.java:336)
	at org.testng.SuiteRunnerWorker.runSuite(SuiteRunnerWorker.java:52)
	at org.testng.SuiteRunnerWorker.run(SuiteRunnerWorker.java:95)
	at org.testng.TestNG.runSuitesSequentially(TestNG.java:1280)
	at org.testng.TestNG.runSuitesLocally(TestNG.java:1200)
	at org.testng.TestNG.runSuites(TestNG.java:1114)
	at org.testng.TestNG.run(TestNG.java:1082)
	at com.intellij.rt.testng.IDEARemoteTestNG.run(IDEARemoteTestNG.java:65)
	at com.intellij.rt.testng.RemoteTestNGStarter.main(RemoteTestNGStarter.java:105)

