2024-05-23T11:10:51,645 [main] INFO  (Test_ComplaintRegistrationModule.java:27) - Home Page URL is as expected
2024-05-23T11:10:51,761 [main] INFO  (Test_ComplaintRegistrationModule.java:44) - Register Complaint button is visible
2024-05-23T11:10:51,840 [main] INFO  (Test_ComplaintRegistrationModule.java:54) - Register Complaint button is clickable
2024-05-23T11:10:55,580 [main] INFO  (Test_ComplaintRegistrationModule.java:78) - Registration page URL is correct
2024-05-23T11:10:55,629 [main] INFO  (Test_ComplaintRegistrationModule.java:99) - Registration page title is correct
2024-05-23T11:10:59,669 [main] INFO  (Test_ComplaintRegistrationModule.java:123) - Mobile field validation without entering any number passed!
2024-05-23T11:11:02,813 [main] INFO  (Test_ComplaintRegistrationModule.java:148) - Mobile field validation with invalid any number passed!
2024-05-23T11:11:06,011 [main] INFO  (Test_ComplaintRegistrationModule.java:175) - Mobile number length is valid.
2024-05-23T11:11:12,499 [main] INFO  (Test_ComplaintRegistrationModule.java:209) - Mobile number entered successfully
2024-05-23T11:11:18,531 [main] INFO  (Test_ComplaintRegistrationModule.java:233) - Initial_Display, Validate button is displayed
2024-05-23T11:11:21,634 [main] INFO  (Test_ComplaintRegistrationModule.java:254) - Error message displayed for empty OTP
2024-05-23T11:11:34,183 [main] INFO  (Test_ComplaintRegistrationModule.java:277) - Alphabetic characters is not considered as OTP
2024-05-23T11:11:46,673 [main] INFO  (Test_ComplaintRegistrationModule.java:301) - Special characters are not considered as OTP
2024-05-23T11:11:59,158 [main] INFO  (Test_ComplaintRegistrationModule.java:324) - Invalid OTP not considered
2024-05-23T11:12:15,865 [main] INFO  (Test_ComplaintRegistrationModule.java:346) - Resend OTP button is visible after 60s
2024-05-23T11:12:18,975 [main] INFO  (Test_ComplaintRegistrationModule.java:367) - Resend OTP button is enabled
2024-05-23T11:12:25,314 [main] INFO  (Test_ComplaintRegistrationModule.java:388) - Valid OTP validation successful!
2024-05-23T11:12:34,498 [main] INFO  (Test_ComplaintRegistrationModule.java:416) - Error message displayed for empty pin code field.
2024-05-23T11:12:34,695 [main] INFO  (Test_ComplaintRegistrationModule.java:442) - Error message displayed for invalid PIN code.
2024-05-23T11:12:35,923 [main] INFO  (Test_ComplaintRegistrationModule.java:465) - Pin code length is correct
2024-05-23T11:12:37,082 [main] INFO  (Test_ComplaintRegistrationModule.java:485) - District populated based on valid pinCode
2024-05-23T11:12:37,098 [main] INFO  (Test_ComplaintRegistrationModule.java:494) - State populated based on valid pinCode
